<?xml version="1.0" encoding="utf-8"?>
<TestRun id="1daaa9e0-b397-4288-8103-f65350eba81b" name="Martin@DESKTOP-CM8OBSG 2026-09-16 10:22:14" runUser="DESKTOP-CM8OBSG\Martin" xmlns="http://microsoft.com/schemas/VisualStudio/TeamTest/2010">
  <Times creation="2026-09-16T10:22:14.5929519+02:00" queuing="2026-09-16T10:22:14.5929522+02:00" start="2026-09-16T10:22:12.1979234+02:00" finish="2026-09-16T10:22:23.3648523+02:00" />
  <TestSettings name="default" id="9aec8ddf-2304-4ffc-8bdd-cf1904d2db76">
    <Deployment runDeploymentRoot="Martin_DESKTOP-CM8OBSG_2026-09-16_10_22_14" />
  </TestSettings>
  <Results>
    <UnitTestResult executionId="61b1d765-639a-4eef-81e6-f912055da2fb" testId="1f92236e-253a-7de8-0f85-ec36b2dd4e56" testName="Softwareschmiede.IntegrationTests.Services.ProjektServiceTests.AddRepositoryAsync_ShouldPersistSourceDirectory_WhenLocalDirectoryPluginIsUsed" computerName="DESKTOP-CM8OBSG" duration="00:00:00.4426309" startTime="2026-09-16T10:22:20.1405093+02:00" endTime="2026-09-16T10:22:20.5829454+02:00" testType="13cdc9d9-ddb5-4fa4-a97d-d965ccfc6d4b" outcome="Passed" testListId="8c84fa94-04c1-424b-9868-57a2d4851a1d" relativeResultsDirectory="61b1d765-639a-4eef-81e6-f912055da2fb" />
    <UnitTestResult executionId="550ca44f-fc53-48ed-88a7-defc4b734427" testId="f1823c0b-eb00-63c1-1b89-cd3e94673f6e" testName="Softwareschmiede.IntegrationTests.Services.AufgabeServiceTests.StartenAsync_ShouldSetStatusInBearbeitungAndPersistBranchInfo_WhenAufgabeExists" computerName="DESKTOP-CM8OBSG" duration="00:00:00.4268782" startTime="2026-09-16T10:22:19.2465002+02:00" endTime="2026-09-16T10:22:19.6725831+02:00" testType="13cdc9d9-ddb5-4fa4-a97d-d965ccfc6d4b" outcome="Passed" testListId="8c84fa94-04c1-424b-9868-57a2d4851a1d" relativeResultsDirectory="550ca44f-fc53-48ed-88a7-defc4b734427" />
    <UnitTestResult executionId="6b18e0cf-6b27-4db8-a699-015dd8991e3a" testId="dec97c53-e18e-e85d-af15-cdb920dbcbc9" testName="Softwareschmiede.IntegrationTests.Services.AufgabeServiceTests.DeleteAsync_ShouldCascadeDeleteProtokolleintraege_WhenAufgabeDeleted" computerName="DESKTOP-CM8OBSG" duration="00:00:00.6566085" startTime="2026-09-16T10:22:17.3780678+02:00" endTime="2026-09-16T10:22:18.0345675+02:00" testType="13cdc9d9-ddb5-4fa4-a97d-d965ccfc6d4b" outcome="Passed" testListId="8c84fa94-04c1-424b-9868-57a2d4851a1d" relativeResultsDirectory="6b18e0cf-6b27-4db8-a699-015dd8991e3a" />
    <UnitTestResult executionId="1ed0f817-0cb5-4e13-9787-6721b6c565b7" testId="c7b298ec-4479-8644-e7f6-76ac6ad0c794" testName="Softwareschmiede.IntegrationTests.Services.AufgabeServiceTests.UpdateAsync_ShouldKeepAusfuehrungsStatus_WhenBeendeteAusfuehrungLoadedAndSaved" computerName="DESKTOP-CM8OBSG" duration="00:00:00.6857555" startTime="2026-09-16T10:22:16.6922593+02:00" endTime="2026-09-16T10:22:17.3778478+02:00" testType="13cdc9d9-ddb5-4fa4-a97d-d965ccfc6d4b" outcome="Passed" testListId="8c84fa94-04c1-424b-9868-57a2d4851a1d" relativeResultsDirectory="1ed0f817-0cb5-4e13-9787-6721b6c565b7" />
    <UnitTestResult executionId="ba8384f6-b725-4b4c-a992-d759aeb6f602" testId="ec78a118-d0c7-9a87-b1cd-2a21e6329434" testName="Softwareschmiede.IntegrationTests.Services.AufgabeRecoveryServiceTests.RecoverManuellAsync_ShouldRejectInvalidState" computerName="DESKTOP-CM8OBSG" duration="00:00:00.5660244" startTime="2026-09-16T10:22:18.7189718+02:00" endTime="2026-09-16T10:22:19.2850022+02:00" testType="13cdc9d9-ddb5-4fa4-a97d-d965ccfc6d4b" outcome="Passed" testListId="8c84fa94-04c1-424b-9868-57a2d4851a1d" relativeResultsDirectory="ba8384f6-b725-4b4c-a992-d759aeb6f602" />
    <UnitTestResult executionId="a310c9f0-4fae-4e0c-8f59-aca144959e39" testId="c6ea4e98-81ef-9663-0a87-656153178a8c" testName="Softwareschmiede.IntegrationTests.Services.ProtokollServiceTests.AddStatusUebergangAsync_ShouldPersistStatusTransitionEntry_WhenCalledWithValidStatuses" computerName="DESKTOP-CM8OBSG" duration="00:00:00.4010367" startTime="2026-09-16T10:22:20.2370148+02:00" endTime="2026-09-16T10:22:20.6373291+02:00" testType="13cdc9d9-ddb5-4fa4-a97d-d965ccfc6d4b" outcome="Passed" testListId="8c84fa94-04c1-424b-9868-57a2d4851a1d" relativeResultsDirectory="a310c9f0-4fae-4e0c-8f59-aca144959e39" />
    <UnitTestResult executionId="9fe2ddde-817a-41d8-90d4-e7efbc8fe7d3" testId="c218b9ed-b8de-af02-06c0-6ff01c3a8787" testName="Softwareschmiede.IntegrationTests.Services.AufgabeServiceTests.SetStatusAsync_ShouldSetStatusBeendet_WhenAufgabeIsGestartet" computerName="DESKTOP-CM8OBSG" duration="00:00:00.2175564" startTime="2026-09-16T10:22:22.8628574+02:00" endTime="2026-09-16T10:22:23.0802739+02:00" testType="13cdc9d9-ddb5-4fa4-a97d-d965ccfc6d4b" outcome="Passed" testListId="8c84fa94-04c1-424b-9868-57a2d4851a1d" relativeResultsDirectory="9fe2ddde-817a-41d8-90d4-e7efbc8fe7d3" />
    <UnitTestResult executionId="b0c8c86b-7329-4689-a660-1d4aaa4cce76" testId="bc63f877-d2ba-f7d9-e444-881e99caa029" testName="Softwareschmiede.IntegrationTests.Services.AufgabeRecoveryServiceTests.RecoverManuellAsync_ShouldAllowExactlyOneSuccess_WhenTriggeredInParallel" computerName="DESKTOP-CM8OBSG" duration="00:00:00.6946570" startTime="2026-09-16T10:22:16.7177482+02:00" endTime="2026-09-16T10:22:17.4125815+02:00" testType="13cdc9d9-ddb5-4fa4-a97d-d965ccfc6d4b" outcome="Passed" testListId="8c84fa94-04c1-424b-9868-57a2d4851a1d" relativeResultsDirectory="b0c8c86b-7329-4689-a660-1d4aaa4cce76" />
    <UnitTestResult executionId="ebfabb98-c15e-464f-ab56-dc34d3924fbe" testId="52f5dcbb-8d21-48cd-cdc8-27c2ebf042cc" testName="Softwareschmiede.IntegrationTests.Services.ProtokollServiceTests.GetByAufgabeAsync_ShouldIncludeTestErgebnisse_WhenProtokollEintragHasTestResults" computerName="DESKTOP-CM8OBSG" duration="00:00:00.6700135" startTime="2026-09-16T10:22:17.4270430+02:00" endTime="2026-09-16T10:22:18.0969858+02:00" testType="13cdc9d9-ddb5-4fa4-a97d-d965ccfc6d4b" outcome="Passed" testListId="8c84fa94-04c1-424b-9868-57a2d4851a1d" relativeResultsDirectory="ebfabb98-c15e-464f-ab56-dc34d3924fbe" />
    <UnitTestResult executionId="2a51bb8b-7ed7-44c9-9318-95b0b687776e" testId="2083470a-6c50-6b4b-e4a3-be024086c78c" testName="Softwareschmiede.IntegrationTests.Services.AufgabeRecoveryServiceTests.RecoverManuellAsync_ShouldThrowConcurrencyConflict_WhenRecoveryVersionChangedConcurrently" computerName="DESKTOP-CM8OBSG" duration="00:00:03.0647720" startTime="2026-09-16T10:22:13.6500085+02:00" endTime="2026-09-16T10:22:16.7175268+02:00" testType="13cdc9d9-ddb5-4fa4-a97d-d965ccfc6d4b" outcome="Passed" testListId="8c84fa94-04c1-424b-9868-57a2d4851a1d" relativeResultsDirectory="2a51bb8b-7ed7-44c9-9318-95b0b687776e" />
    <UnitTestResult executionId="c4f5ca36-4347-4fdc-8896-104652a5ff48" testId="50749e6a-e470-c37e-dae8-b089de4e4b82" testName="Softwareschmiede.IntegrationTests.Services.AufgabeServiceTests.VerwerfenAsync_ShouldPersistArchivedStatus_WhenOffeneAufgabeArchiviertWird" computerName="DESKTOP-CM8OBSG" duration="00:00:00.6589615" startTime="2026-09-16T10:22:20.5567112+02:00" endTime="2026-09-16T10:22:21.2155516+02:00" testType="13cdc9d9-ddb5-4fa4-a97d-d965ccfc6d4b" outcome="Passed" testListId="8c84fa94-04c1-424b-9868-57a2d4851a1d" relativeResultsDirectory="c4f5ca36-4347-4fdc-8896-104652a5ff48" />
    <UnitTestResult executionId="df8364e6-739a-461a-a839-c174f9c07945" testId="f136091b-35d2-7a92-c4fb-04c446d25a4d" testName="Softwareschmiede.IntegrationTests.Infrastructure.Plugins.LocalDirectoryPluginIntegrationTests.CloneRepositoryAsync_ShouldUseSourceDirectoryFallback_WhenRepositoryUrlEmpty" computerName="DESKTOP-CM8OBSG" duration="00:00:00.3923652" startTime="2026-09-16T10:22:15.4677407+02:00" endTime="2026-09-16T10:22:15.8603406+02:00" testType="13cdc9d9-ddb5-4fa4-a97d-d965ccfc6d4b" outcome="Passed" testListId="8c84fa94-04c1-424b-9868-57a2d4851a1d" relativeResultsDirectory="df8364e6-739a-461a-a839-c174f9c07945" />
    <UnitTestResult executionId="4d830f73-b818-4bc3-8612-d660e0ad881b" testId="6a862442-7f58-6e1a-9d29-bd7c351c93eb" testName="Softwareschmiede.IntegrationTests.Infrastructure.Plugins.LocalDirectoryPluginIntegrationTests.MergeToSourceAsync_ShouldSynchronizeWorkspaceToSource_EndToEnd" computerName="DESKTOP-CM8OBSG" duration="00:00:00.5454209" startTime="2026-09-16T10:22:16.4410285+02:00" endTime="2026-09-16T10:22:16.9865475+02:00" testType="13cdc9d9-ddb5-4fa4-a97d-d965ccfc6d4b" outcome="Passed" testListId="8c84fa94-04c1-424b-9868-57a2d4851a1d" relativeResultsDirectory="4d830f73-b818-4bc3-8612-d660e0ad881b" />
    <UnitTestResult executionId="68769bdc-50d8-45ab-a6cc-e6264dbb1f81" testId="84220320-98ef-151d-37d3-ec9bd41a0784" testName="Softwareschmiede.IntegrationTests.Services.ProjektServiceTests.DeleteAsync_ShouldCascadeDeleteAufgaben_WhenProjektIsDeleted" computerName="DESKTOP-CM8OBSG" duration="00:00:00.3955734" startTime="2026-09-16T10:22:21.2537723+02:00" endTime="2026-09-16T10:22:21.6492094+02:00" testType="13cdc9d9-ddb5-4fa4-a97d-d965ccfc6d4b" outcome="Passed" testListId="8c84fa94-04c1-424b-9868-57a2d4851a1d" relativeResultsDirectory="68769bdc-50d8-45ab-a6cc-e6264dbb1f81" />
    <UnitTestResult executionId="59b2b4b6-3ef7-486d-b8a0-932d4a489b5b" testId="0b49b9f1-c454-bdec-4652-1fbaee529f96" testName="Softwareschmiede.IntegrationTests.Services.ProtokollServiceTests.AddEintragAsync_ShouldPersistProtokollEintrag_WhenValidDataGiven" computerName="DESKTOP-CM8OBSG" duration="00:00:00.6204589" startTime="2026-09-16T10:22:18.0971619+02:00" endTime="2026-09-16T10:22:18.7174958+02:00" testType="13cdc9d9-ddb5-4fa4-a97d-d965ccfc6d4b" outcome="Passed" testListId="8c84fa94-04c1-424b-9868-57a2d4851a1d" relativeResultsDirectory="59b2b4b6-3ef7-486d-b8a0-932d4a489b5b" />
    <UnitTestResult executionId="a57e7486-19ea-46e2-9839-60a7b97de2a6" testId="2209adb7-585d-a651-ef4c-87985452e6c2" testName="Softwareschmiede.IntegrationTests.Services.ProjektServiceTests.CreateAsync_ShouldPersistProjekt_WhenValidNameGiven" computerName="DESKTOP-CM8OBSG" duration="00:00:00.7110610" startTime="2026-09-16T10:22:17.3610961+02:00" endTime="2026-09-16T10:22:18.0720752+02:00" testType="13cdc9d9-ddb5-4fa4-a97d-d965ccfc6d4b" outcome="Passed" testListId="8c84fa94-04c1-424b-9868-57a2d4851a1d" relativeResultsDirectory="a57e7486-19ea-46e2-9839-60a7b97de2a6" />
    <UnitTestResult executionId="cf8e0cb6-df6e-486c-bdf9-4460d3e61342" testId="804b1eba-a46b-f854-6761-4061ce2c24ea" testName="Softwareschmiede.IntegrationTests.Services.TodoServiceTests.GetDetailAsync_ShouldIncludeTodos_WhenTodosExist" computerName="DESKTOP-CM8OBSG" duration="00:00:00.6034832" startTime="2026-09-16T10:22:17.3423522+02:00" endTime="2026-09-16T10:22:17.9450955+02:00" testType="13cdc9d9-ddb5-4fa4-a97d-d965ccfc6d4b" outcome="Passed" testListId="8c84fa94-04c1-424b-9868-57a2d4851a1d" relativeResultsDirectory="cf8e0cb6-df6e-486c-bdf9-4460d3e61342" />
    <UnitTestResult executionId="897a1dff-0b4c-4b0d-bc56-4292f4c94856" testId="03abbbdf-05ee-6388-b98f-f7e7ca7828b0" testName="Softwareschmiede.IntegrationTests.Services.EntwicklungsprozessServiceTests.AbschliessenAsync_ShouldSetStatusBeendetAndCreateStatusUebergang_WhenAufgabeInBearbeitung" computerName="DESKTOP-CM8OBSG" duration="00:00:03.0728622" startTime="2026-09-16T10:22:13.6500488+02:00" endTime="2026-09-16T10:22:16.7256446+02:00" testType="13cdc9d9-ddb5-4fa4-a97d-d965ccfc6d4b" outcome="Passed" testListId="8c84fa94-04c1-424b-9868-57a2d4851a1d" relativeResultsDirectory="897a1dff-0b4c-4b0d-bc56-4292f4c94856" />
    <UnitTestResult executionId="98decafb-e7fe-402b-86cc-02294c583a22" testId="b28e8765-ef5e-7a27-be3d-2978a7978cb1" testName="Softwareschmiede.IntegrationTests.Services.TodoServiceTests.MarkTodoAsCompletedAsync_ShouldPersistErledigtAm_WhenTodoExists" computerName="DESKTOP-CM8OBSG" duration="00:00:02.9952423" startTime="2026-09-16T10:22:13.6500870+02:00" endTime="2026-09-16T10:22:16.6479722+02:00" testType="13cdc9d9-ddb5-4fa4-a97d-d965ccfc6d4b" outcome="Passed" testListId="8c84fa94-04c1-424b-9868-57a2d4851a1d" relativeResultsDirectory="98decafb-e7fe-402b-86cc-02294c583a22" />
    <UnitTestResult executionId="945b98ec-ff4f-45a8-8c7a-e9c20d3d84ca" testId="c4c371e6-8031-0987-ab47-b52a22eebc16" testName="Softwareschmiede.IntegrationTests.Services.TodoServiceTests.Cascade_Delete_DeletesAllTodos" computerName="DESKTOP-CM8OBSG" duration="00:00:00.5809399" startTime="2026-09-16T10:22:17.9452997+02:00" endTime="2026-09-16T10:22:18.5261854+02:00" testType="13cdc9d9-ddb5-4fa4-a97d-d965ccfc6d4b" outcome="Passed" testListId="8c84fa94-04c1-424b-9868-57a2d4851a1d" relativeResultsDirectory="945b98ec-ff4f-45a8-8c7a-e9c20d3d84ca" />
    <UnitTestResult executionId="56f14171-f7c5-4ba3-9b70-f70ea81afbbd" testId="16497e1c-6266-199d-c85f-7b1632807bbd" testName="Softwareschmiede.IntegrationTests.Services.ProjektServiceTests.AddRepositoryAsync_ShouldPersistRepository_WhenProjektExists" computerName="DESKTOP-CM8OBSG" duration="00:00:00.7118944" startTime="2026-09-16T10:22:16.6503295+02:00" endTime="2026-09-16T10:22:17.3608892+02:00" testType="13cdc9d9-ddb5-4fa4-a97d-d965ccfc6d4b" outcome="Passed" testListId="8c84fa94-04c1-424b-9868-57a2d4851a1d" relativeResultsDirectory="56f14171-f7c5-4ba3-9b70-f70ea81afbbd" />
    <UnitTestResult executionId="f179319b-3770-4c17-a1b9-b8b67f124780" testId="31f397e5-dbbc-953a-5d10-8b92b8f9eccb" testName="Softwareschmiede.IntegrationTests.Infrastructure.WorkdirMigrationTests.MigrateAsync_ShouldApplyAndRollbackWorkdirMigration" computerName="DESKTOP-CM8OBSG" duration="00:00:01.2860612" startTime="2026-09-16T10:22:17.8161684+02:00" endTime="2026-09-16T10:22:19.1021659+02:00" testType="13cdc9d9-ddb5-4fa4-a97d-d965ccfc6d4b" outcome="Passed" testListId="8c84fa94-04c1-424b-9868-57a2d4851a1d" relativeResultsDirectory="f179319b-3770-4c17-a1b9-b8b67f124780" />
    <UnitTestResult executionId="d15f96ad-d81c-4208-b34d-11d21267e864" testId="e688c447-38aa-711e-381e-89e4e6337258" testName="Softwareschmiede.IntegrationTests.Services.AufgabeServiceTests.VerwerfenAsync_ShouldThrowWhenAufgabeIsNotOffen(aktion: Loeschen)" computerName="DESKTOP-CM8OBSG" duration="00:00:00.4458900" startTime="2026-09-16T10:22:19.6727355+02:00" endTime="2026-09-16T10:22:20.1185317+02:00" testType="13cdc9d9-ddb5-4fa4-a97d-d965ccfc6d4b" outcome="Passed" testListId="8c84fa94-04c1-424b-9868-57a2d4851a1d" relativeResultsDirectory="d15f96ad-d81c-4208-b34d-11d21267e864" />
    <UnitTestResult executionId="5e201c44-9068-40b0-8815-0e3756be603e" testId="ef68fc87-1f8f-8060-93bc-8333ae7f294f" testName="Softwareschmiede.IntegrationTests.Services.AufgabeServiceTests.CreateFromIssueAsync_ShouldPersistAufgabeWithIssueReferenz_WhenIssueGiven" computerName="DESKTOP-CM8OBSG" duration="00:00:03.0392988" startTime="2026-09-16T10:22:13.6500611+02:00" endTime="2026-09-16T10:22:16.6920200+02:00" testType="13cdc9d9-ddb5-4fa4-a97d-d965ccfc6d4b" outcome="Passed" testListId="8c84fa94-04c1-424b-9868-57a2d4851a1d" relativeResultsDirectory="5e201c44-9068-40b0-8815-0e3756be603e" />
    <UnitTestResult executionId="91a59f0d-a483-47cc-a2fc-e4b153ee3f36" testId="ddff4f71-6682-a704-4688-67540c38f298" testName="Softwareschmiede.IntegrationTests.Services.EntwicklungsprozessServiceTests.DefaultSourceBranchName_ShouldBePersisted" computerName="DESKTOP-CM8OBSG" duration="00:00:00.5322626" startTime="2026-09-16T10:22:18.7590139+02:00" endTime="2026-09-16T10:22:19.2911288+02:00" testType="13cdc9d9-ddb5-4fa4-a97d-d965ccfc6d4b" outcome="Passed" testListId="8c84fa94-04c1-424b-9868-57a2d4851a1d" relativeResultsDirectory="91a59f0d-a483-47cc-a2fc-e4b153ee3f36" />
    <UnitTestResult executionId="5a0758df-5494-49f9-9bdf-9618f1fb224a" testId="9ff0284d-379a-cd4f-377b-105a410db527" testName="Softwareschmiede.IntegrationTests.Services.ProjektServiceTests.RemoveRepositoryAsync_ShouldDeleteRepository_WhenRepositoryExists" computerName="DESKTOP-CM8OBSG" duration="00:00:00.4204324" startTime="2026-09-16T10:22:19.2587028+02:00" endTime="2026-09-16T10:22:19.6789998+02:00" testType="13cdc9d9-ddb5-4fa4-a97d-d965ccfc6d4b" outcome="Passed" testListId="8c84fa94-04c1-424b-9868-57a2d4851a1d" relativeResultsDirectory="5a0758df-5494-49f9-9bdf-9618f1fb224a" />
    <UnitTestResult executionId="ded55e3e-92e2-4176-9e11-9839e9854b50" testId="8cb234f6-bdd3-e249-5ac8-d230f339dad3" testName="Softwareschmiede.IntegrationTests.Services.EntwicklungsprozessServiceTests.ProzessStartenAsync_ShouldPersistIssueBasedBranch_WhenAufgabeWasCreatedFromIssue" computerName="DESKTOP-CM8OBSG" duration="00:00:00.3837782" startTime="2026-09-16T10:22:21.2778113+02:00" endTime="2026-09-16T10:22:21.6607967+02:00" testType="13cdc9d9-ddb5-4fa4-a97d-d965ccfc6d4b" outcome="Passed" testListId="8c84fa94-04c1-424b-9868-57a2d4851a1d" relativeResultsDirectory="ded55e3e-92e2-4176-9e11-9839e9854b50" />
    <UnitTestResult executionId="246a6168-3b29-48f6-958d-9a21e6de4d4b" testId="1fd7be43-85f2-5e2b-9d7a-c9663c3e9db8" testName="Softwareschmiede.IntegrationTests.Services.AufgabeServiceTests.TryAssignIssueReferenzIfNoneAsync_ShouldNotOverwrite_WhenReferenceIsAssignedAfterCallerCheck" computerName="DESKTOP-CM8OBSG" duration="00:00:00.3652737" startTime="2026-09-16T10:22:21.6336369+02:00" endTime="2026-09-16T10:22:21.9987121+02:00" testType="13cdc9d9-ddb5-4fa4-a97d-d965ccfc6d4b" outcome="Passed" testListId="8c84fa94-04c1-424b-9868-57a2d4851a1d" relativeResultsDirectory="246a6168-3b29-48f6-958d-9a21e6de4d4b" />
    <UnitTestResult executionId="965e7447-d3ef-4ef9-91d2-d0c11407ae3a" testId="8294e076-abcd-26ec-408c-d001470f1634" testName="Softwareschmiede.IntegrationTests.Services.EntwicklungsprozessServiceTests.ProzessStartenAsync_ShouldUseTempFallback_WhenNoWorkdirSettingExists" computerName="DESKTOP-CM8OBSG" duration="00:00:00.3310639" startTime="2026-09-16T10:22:21.6609737+02:00" endTime="2026-09-16T10:22:21.9921767+02:00" testType="13cdc9d9-ddb5-4fa4-a97d-d965ccfc6d4b" outcome="Passed" testListId="8c84fa94-04c1-424b-9868-57a2d4851a1d" relativeResultsDirectory="965e7447-d3ef-4ef9-91d2-d0c11407ae3a" />
    <UnitTestResult executionId="2713ddd9-8069-40a8-a05d-e1bddc34209a" testId="25075a02-d1ca-9b96-fd71-b92db59c6ae8" testName="Softwareschmiede.IntegrationTests.Services.ProjektServiceTests.UpdateAsync_ShouldPersistChanges_WhenProjektExists" computerName="DESKTOP-CM8OBSG" duration="00:00:00.6705820" startTime="2026-09-16T10:22:20.5831179+02:00" endTime="2026-09-16T10:22:21.2535778+02:00" testType="13cdc9d9-ddb5-4fa4-a97d-d965ccfc6d4b" outcome="Passed" testListId="8c84fa94-04c1-424b-9868-57a2d4851a1d" relativeResultsDirectory="2713ddd9-8069-40a8-a05d-e1bddc34209a" />
    <UnitTestResult executionId="371694a9-57ea-4168-9a9a-4bc1ddce25ec" testId="429a3ab4-6030-5910-be6f-75c190241ae1" testName="Softwareschmiede.IntegrationTests.Infrastructure.Plugins.LocalDirectoryPluginIntegrationTests.CloneRepositoryAsync_ShouldFail_WhenSeparateTargetIsNotEmpty" computerName="DESKTOP-CM8OBSG" duration="00:00:00.0037719" startTime="2026-09-16T10:22:16.4368889+02:00" endTime="2026-09-16T10:22:16.4407901+02:00" testType="13cdc9d9-ddb5-4fa4-a97d-d965ccfc6d4b" outcome="Passed" testListId="8c84fa94-04c1-424b-9868-57a2d4851a1d" relativeResultsDirectory="371694a9-57ea-4168-9a9a-4bc1ddce25ec" />
    <UnitTestResult executionId="3711ce6c-9f93-417d-b7ee-ee43189db9a6" testId="08c9b0f5-7a59-89df-1550-6594a9d06aa2" testName="Softwareschmiede.IntegrationTests.Services.EntwicklungsprozessServiceTests.DefaultSourceBranchName_ShouldBeNull_WhenNotConfigured" computerName="DESKTOP-CM8OBSG" duration="00:00:00.4353756" startTime="2026-09-16T10:22:19.2912787+02:00" endTime="2026-09-16T10:22:19.7266176+02:00" testType="13cdc9d9-ddb5-4fa4-a97d-d965ccfc6d4b" outcome="Passed" testListId="8c84fa94-04c1-424b-9868-57a2d4851a1d" relativeResultsDirectory="3711ce6c-9f93-417d-b7ee-ee43189db9a6" />
    <UnitTestResult executionId="0d3e521c-e1bc-41fe-925e-34b367cc1db2" testId="61c4f109-e1a2-7743-0a67-7f76d5168520" testName="Softwareschmiede.IntegrationTests.Services.ProtokollServiceTests.GetByAufgabeAsync_ShouldReturnEntriesChronologicallyAscending_WhenMultipleEntriesExist" computerName="DESKTOP-CM8OBSG" duration="00:00:00.4503864" startTime="2026-09-16T10:22:19.3187643+02:00" endTime="2026-09-16T10:22:19.7692164+02:00" testType="13cdc9d9-ddb5-4fa4-a97d-d965ccfc6d4b" outcome="Passed" testListId="8c84fa94-04c1-424b-9868-57a2d4851a1d" relativeResultsDirectory="0d3e521c-e1bc-41fe-925e-34b367cc1db2" />
    <UnitTestResult executionId="e9589525-54e2-4f83-8cae-ee89bf899d8e" testId="0ad75727-4697-9603-df23-394c37c70f0c" testName="Softwareschmiede.IntegrationTests.Infrastructure.WorkdirMigrationTests.MigrateAsync_ShouldApplyAndRollbackKiPluginPrefixMigration_AsNullableColumn" computerName="DESKTOP-CM8OBSG" duration="00:00:01.3238725" startTime="2026-09-16T10:22:16.4922383+02:00" endTime="2026-09-16T10:22:17.8159842+02:00" testType="13cdc9d9-ddb5-4fa4-a97d-d965ccfc6d4b" outcome="Passed" testListId="8c84fa94-04c1-424b-9868-57a2d4851a1d" relativeResultsDirectory="e9589525-54e2-4f83-8cae-ee89bf899d8e" />
    <UnitTestResult executionId="5f219b2f-a70c-4ab3-9ec3-ea6682a3e460" testId="db97619e-2c53-4e98-23ac-f1bd483b7996" testName="Softwareschmiede.IntegrationTests.Services.AufgabeServiceTests.UpdateAsync_ShouldPersistAllFields_WhenAufgabeExists" computerName="DESKTOP-CM8OBSG" duration="00:00:00.2833445" startTime="2026-09-16T10:22:22.5793520+02:00" endTime="2026-09-16T10:22:22.8626425+02:00" testType="13cdc9d9-ddb5-4fa4-a97d-d965ccfc6d4b" outcome="Passed" testListId="8c84fa94-04c1-424b-9868-57a2d4851a1d" relativeResultsDirectory="5f219b2f-a70c-4ab3-9ec3-ea6682a3e460" />
    <UnitTestResult executionId="854c23c2-648e-4cce-8b79-35f3a9fb234e" testId="331d8076-e1c8-59e6-551d-d78882d53482" testName="Softwareschmiede.IntegrationTests.Services.EntwicklungsprozessServiceTests.ProzessStartenAsync_ShouldLogFallbackEntry_WhenResolverUsesFallback" computerName="DESKTOP-CM8OBSG" duration="00:00:00.4787397" startTime="2026-09-16T10:22:19.7268051+02:00" endTime="2026-09-16T10:22:20.2056462+02:00" testType="13cdc9d9-ddb5-4fa4-a97d-d965ccfc6d4b" outcome="Passed" testListId="8c84fa94-04c1-424b-9868-57a2d4851a1d" relativeResultsDirectory="854c23c2-648e-4cce-8b79-35f3a9fb234e" />
    <UnitTestResult executionId="676d948f-fca0-4cb9-b068-c48d5e11c5d4" testId="7976c4ca-8abf-87e7-3628-98d202d84f74" testName="Softwareschmiede.IntegrationTests.Infrastructure.Plugins.LocalDirectoryPluginIntegrationTests.CloneRepositoryAsync_ShouldRunInSourceDirectory_WhenModeIsInSourceDirectory" computerName="DESKTOP-CM8OBSG" duration="00:00:00.1543416" startTime="2026-09-16T10:22:15.3129756+02:00" endTime="2026-09-16T10:22:15.4675710+02:00" testType="13cdc9d9-ddb5-4fa4-a97d-d965ccfc6d4b" outcome="Passed" testListId="8c84fa94-04c1-424b-9868-57a2d4851a1d" relativeResultsDirectory="676d948f-fca0-4cb9-b068-c48d5e11c5d4" />
    <UnitTestResult executionId="950dd95d-ca93-45e7-bbcf-008a8e54798c" testId="995fb120-5095-86a0-650f-f368a59f14b5" testName="Softwareschmiede.IntegrationTests.Services.AufgabeRecoveryServiceTests.RecoverManuellAsync_ShouldThrowAndKeepStatus_WhenProcessingIsStillRunning" computerName="DESKTOP-CM8OBSG" duration="00:00:00.6403059" startTime="2026-09-16T10:22:18.0786919+02:00" endTime="2026-09-16T10:22:18.7188841+02:00" testType="13cdc9d9-ddb5-4fa4-a97d-d965ccfc6d4b" outcome="Passed" testListId="8c84fa94-04c1-424b-9868-57a2d4851a1d" relativeResultsDirectory="950dd95d-ca93-45e7-bbcf-008a8e54798c" />
    <UnitTestResult executionId="a4fde0a2-7e11-471a-877e-1a2a765ed0fa" testId="a11920c2-2322-b635-025c-b6a9c7107d79" testName="Softwareschmiede.IntegrationTests.Infrastructure.Plugins.LocalDirectoryPluginIntegrationTests.CloneBranchCommitReset_ShouldWork_InSeparateWorkingDirectoryMode" computerName="DESKTOP-CM8OBSG" duration="00:00:00.8036151" startTime="2026-09-16T10:22:13.6500357+02:00" endTime="2026-09-16T10:22:14.4596635+02:00" testType="13cdc9d9-ddb5-4fa4-a97d-d965ccfc6d4b" outcome="Passed" testListId="8c84fa94-04c1-424b-9868-57a2d4851a1d" relativeResultsDirectory="a4fde0a2-7e11-471a-877e-1a2a765ed0fa" />
    <UnitTestResult executionId="8a909d0a-6cba-48ef-820a-8246abe496f0" testId="7f864e6e-0702-86b5-59fe-0d5d71b93569" testName="Softwareschmiede.IntegrationTests.Services.AufgabeRecoveryServiceTests.RecoverManuellAsync_ShouldSetGestartetAndCreateAudit_WhenStatusIsGestartet" computerName="DESKTOP-CM8OBSG" duration="00:00:00.6658873" startTime="2026-09-16T10:22:17.4128132+02:00" endTime="2026-09-16T10:22:18.0785311+02:00" testType="13cdc9d9-ddb5-4fa4-a97d-d965ccfc6d4b" outcome="Passed" testListId="8c84fa94-04c1-424b-9868-57a2d4851a1d" relativeResultsDirectory="8a909d0a-6cba-48ef-820a-8246abe496f0" />
    <UnitTestResult executionId="c4d8eae9-421f-4bd7-966d-c6f68868283e" testId="7e22b1e7-c6af-6894-7978-19998af2705b" testName="Softwareschmiede.IntegrationTests.Services.AufgabeServiceTests.AbschliessenAsync_ShouldSetStatusAbgeschlossenAndClearBranchInfo_WhenAufgabeInBearbeitung" computerName="DESKTOP-CM8OBSG" duration="00:00:00.3402730" startTime="2026-09-16T10:22:21.9988646+02:00" endTime="2026-09-16T10:22:22.3391024+02:00" testType="13cdc9d9-ddb5-4fa4-a97d-d965ccfc6d4b" outcome="Passed" testListId="8c84fa94-04c1-424b-9868-57a2d4851a1d" relativeResultsDirectory="c4d8eae9-421f-4bd7-966d-c6f68868283e" />
    <UnitTestResult executionId="8f173bb1-bad3-4552-b359-01fbcb62c8a7" testId="05ddcfa9-b134-a15b-52d7-fe1d1e3f2a2e" testName="Softwareschmiede.IntegrationTests.Infrastructure.Plugins.LocalDirectoryPluginIntegrationTests.CreateBranchCommitReset_ShouldWork_AfterPluginRecreation_UsingPointerFile" computerName="DESKTOP-CM8OBSG" duration="00:00:00.2862907" startTime="2026-09-16T10:22:14.4671002+02:00" endTime="2026-09-16T10:22:14.7477118+02:00" testType="13cdc9d9-ddb5-4fa4-a97d-d965ccfc6d4b" outcome="Passed" testListId="8c84fa94-04c1-424b-9868-57a2d4851a1d" relativeResultsDirectory="8f173bb1-bad3-4552-b359-01fbcb62c8a7" />
    <UnitTestResult executionId="9b81c636-fec0-4779-b07c-b4b2bb9a105d" testId="02ee06f3-1768-4567-c797-da4b0c5bda73" testName="Softwareschmiede.IntegrationTests.Infrastructure.Plugins.LocalDirectoryPluginIntegrationTests.PushBranchAsync_ShouldSynchronizeFilesAndDeleteTrackedRemovals_InSeparateMode" computerName="DESKTOP-CM8OBSG" duration="00:00:00.5758828" startTime="2026-09-16T10:22:15.8605551+02:00" endTime="2026-09-16T10:22:16.4366618+02:00" testType="13cdc9d9-ddb5-4fa4-a97d-d965ccfc6d4b" outcome="Passed" testListId="8c84fa94-04c1-424b-9868-57a2d4851a1d" relativeResultsDirectory="9b81c636-fec0-4779-b07c-b4b2bb9a105d" />
    <UnitTestResult executionId="705a9a39-2c64-4723-aa33-77dd39fdb9ea" testId="bd98ae2c-e801-396e-6127-76d041ece1fe" testName="Softwareschmiede.IntegrationTests.Services.AufgabeServiceTests.GetByProjektAsync_ShouldReturnAufgabenDescendingByDate_WhenMultipleAufgabenExist" computerName="DESKTOP-CM8OBSG" duration="00:00:00.4175845" startTime="2026-09-16T10:22:21.2167096+02:00" endTime="2026-09-16T10:22:21.6334115+02:00" testType="13cdc9d9-ddb5-4fa4-a97d-d965ccfc6d4b" outcome="Passed" testListId="8c84fa94-04c1-424b-9868-57a2d4851a1d" relativeResultsDirectory="705a9a39-2c64-4723-aa33-77dd39fdb9ea" />
    <UnitTestResult executionId="dfb41999-2159-472b-af22-cf85edc98bba" testId="5fd48e8a-024d-0e6e-e7c0-0d1682807200" testName="Softwareschmiede.IntegrationTests.Services.ProtokollServiceTests.AddTestErgebnisseAsync_ShouldPersistTestErgebnisseWithProtokollEintrag_WhenTestResultGiven" computerName="DESKTOP-CM8OBSG" duration="00:00:00.7782525" startTime="2026-09-16T10:22:16.6487327+02:00" endTime="2026-09-16T10:22:17.4268811+02:00" testType="13cdc9d9-ddb5-4fa4-a97d-d965ccfc6d4b" outcome="Passed" testListId="8c84fa94-04c1-424b-9868-57a2d4851a1d" relativeResultsDirectory="dfb41999-2159-472b-af22-cf85edc98bba" />
    <UnitTestResult executionId="5582b08d-0455-456c-ab6c-ad2ecc779121" testId="01922558-f772-f17e-5f0f-2b714469162a" testName="Softwareschmiede.IntegrationTests.Infrastructure.Plugins.LocalDirectoryPluginIntegrationTests.CloneRepositoryAsync_ShouldFail_WhenSeparateTargetEqualsSource" computerName="DESKTOP-CM8OBSG" duration="00:00:00.0017369" startTime="2026-09-16T10:22:15.3109490+02:00" endTime="2026-09-16T10:22:15.3128700+02:00" testType="13cdc9d9-ddb5-4fa4-a97d-d965ccfc6d4b" outcome="Passed" testListId="8c84fa94-04c1-424b-9868-57a2d4851a1d" relativeResultsDirectory="5582b08d-0455-456c-ab6c-ad2ecc779121" />
    <UnitTestResult executionId="30836a25-0506-4260-9a33-570394ebad14" testId="3d6cfba0-a63a-8b2f-e381-fe3b12a42990" testName="Softwareschmiede.IntegrationTests.Services.ProtokollServiceTests.SuchenAsync_ShouldFindEntriesContainingSuchbegriff_WhenInhaltMatches" computerName="DESKTOP-CM8OBSG" duration="00:00:02.9958603" startTime="2026-09-16T10:22:13.6500975+02:00" endTime="2026-09-16T10:22:16.6485241+02:00" testType="13cdc9d9-ddb5-4fa4-a97d-d965ccfc6d4b" outcome="Passed" testListId="8c84fa94-04c1-424b-9868-57a2d4851a1d" relativeResultsDirectory="30836a25-0506-4260-9a33-570394ebad14" />
    <UnitTestResult executionId="c2bf1089-beb8-4834-aefa-cfabb35205f7" testId="54b0dd90-0ad7-3d0c-7bb4-c6260afe8927" testName="Softwareschmiede.IntegrationTests.Services.AufgabeServiceTests.VerwerfenAsync_ShouldThrowWhenAufgabeIsNotOffen(aktion: Archivieren)" computerName="DESKTOP-CM8OBSG" duration="00:00:00.4379200" startTime="2026-09-16T10:22:20.1186756+02:00" endTime="2026-09-16T10:22:20.5565355+02:00" testType="13cdc9d9-ddb5-4fa4-a97d-d965ccfc6d4b" outcome="Passed" testListId="8c84fa94-04c1-424b-9868-57a2d4851a1d" relativeResultsDirectory="c2bf1089-beb8-4834-aefa-cfabb35205f7" />
    <UnitTestResult executionId="f677745e-ad16-4cbd-a404-23288d42ff69" testId="345da8ae-5623-141e-b453-ce6423a968af" testName="Softwareschmiede.IntegrationTests.Infrastructure.Plugins.LocalDirectoryPluginIntegrationTests.PullAsync_ShouldRefreshWorkspaceFromSource_WithoutMerge" computerName="DESKTOP-CM8OBSG" duration="00:00:00.4662869" startTime="2026-09-16T10:22:16.9867074+02:00" endTime="2026-09-16T10:22:17.4531114+02:00" testType="13cdc9d9-ddb5-4fa4-a97d-d965ccfc6d4b" outcome="Passed" testListId="8c84fa94-04c1-424b-9868-57a2d4851a1d" relativeResultsDirectory="f677745e-ad16-4cbd-a404-23288d42ff69" />
    <UnitTestResult executionId="e0197c6d-d571-414d-b8b9-72e0c5056b69" testId="38540168-74be-9713-d0a0-971d3530f9dc" testName="Softwareschmiede.IntegrationTests.Services.ProjektServiceTests.GetAllAsync_ShouldReturnProjectsAlphabeticallySorted_WhenMultipleProjectsExist" computerName="DESKTOP-CM8OBSG" duration="00:00:00.4611467" startTime="2026-09-16T10:22:19.6797989+02:00" endTime="2026-09-16T10:22:20.1402436+02:00" testType="13cdc9d9-ddb5-4fa4-a97d-d965ccfc6d4b" outcome="Passed" testListId="8c84fa94-04c1-424b-9868-57a2d4851a1d" relativeResultsDirectory="e0197c6d-d571-414d-b8b9-72e0c5056b69" />
    <UnitTestResult executionId="3f77a4a2-ad6a-4c4f-b8e4-07895f2b6720" testId="9b17e3b0-f9a2-9cf0-df84-eab55499c5aa" testName="Softwareschmiede.IntegrationTests.Infrastructure.Plugins.LocalDirectoryPluginIntegrationTests.CloneRepositoryAsync_ShouldUseCopyFallback_WhenSeparateModeSourceIsNotGitAndInitNotConfirmed" computerName="DESKTOP-CM8OBSG" duration="00:00:00.2692463" startTime="2026-09-16T10:22:17.4537850+02:00" endTime="2026-09-16T10:22:17.7227590+02:00" testType="13cdc9d9-ddb5-4fa4-a97d-d965ccfc6d4b" outcome="Passed" testListId="8c84fa94-04c1-424b-9868-57a2d4851a1d" relativeResultsDirectory="3f77a4a2-ad6a-4c4f-b8e4-07895f2b6720" />
    <UnitTestResult executionId="7308c439-57fa-401f-bb15-209b6ecccb89" testId="90e34861-4c57-932c-e161-ee0602d219a7" testName="Softwareschmiede.IntegrationTests.Services.EntwicklungsprozessServiceTests.ProzessStartenAsync_ShouldUseConfiguredBasePath_WhenWorkdirSettingExists" computerName="DESKTOP-CM8OBSG" duration="00:00:00.6229639" startTime="2026-09-16T10:22:18.1358759+02:00" endTime="2026-09-16T10:22:18.7587962+02:00" testType="13cdc9d9-ddb5-4fa4-a97d-d965ccfc6d4b" outcome="Passed" testListId="8c84fa94-04c1-424b-9868-57a2d4851a1d" relativeResultsDirectory="7308c439-57fa-401f-bb15-209b6ecccb89" />
    <UnitTestResult executionId="39b2f6a3-2485-4f77-9c73-05cfb6bfd1ec" testId="513b1769-3207-2ced-46e7-e28cae7e4bc2" testName="Softwareschmiede.IntegrationTests.Services.EntwicklungsprozessServiceTests.ProzessStartenAsync_ShouldFallbackToTemp_WhenConfiguredPathIsUnavailable" computerName="DESKTOP-CM8OBSG" duration="00:00:00.4136859" startTime="2026-09-16T10:22:20.2058285+02:00" endTime="2026-09-16T10:22:20.6195952+02:00" testType="13cdc9d9-ddb5-4fa4-a97d-d965ccfc6d4b" outcome="Passed" testListId="8c84fa94-04c1-424b-9868-57a2d4851a1d" relativeResultsDirectory="39b2f6a3-2485-4f77-9c73-05cfb6bfd1ec" />
    <UnitTestResult executionId="3abd4169-19e7-413e-a183-76e48fafa27e" testId="f52e86ba-e7db-604f-6152-87053bf9563d" testName="Softwareschmiede.IntegrationTests.Services.AufgabeServiceTests.GetDetailAsync_ShouldNotIncludeProtokolleintraege_WhenDataExists" computerName="DESKTOP-CM8OBSG" duration="00:00:00.2400275" startTime="2026-09-16T10:22:22.3392956+02:00" endTime="2026-09-16T10:22:22.5791992+02:00" testType="13cdc9d9-ddb5-4fa4-a97d-d965ccfc6d4b" outcome="Passed" testListId="8c84fa94-04c1-424b-9868-57a2d4851a1d" relativeResultsDirectory="3abd4169-19e7-413e-a183-76e48fafa27e" />
    <UnitTestResult executionId="ddd259c7-b487-492e-93fa-5250c6716c0d" testId="db631432-496e-84af-a8f1-f8e8f143f2bc" testName="Softwareschmiede.IntegrationTests.Services.ProjektServiceTests.ArchivierenAsync_ShouldSetStatusToArchiviert_WhenProjektExists" computerName="DESKTOP-CM8OBSG" duration="00:00:00.5566896" startTime="2026-09-16T10:22:18.7019699+02:00" endTime="2026-09-16T10:22:19.2585356+02:00" testType="13cdc9d9-ddb5-4fa4-a97d-d965ccfc6d4b" outcome="Passed" testListId="8c84fa94-04c1-424b-9868-57a2d4851a1d" relativeResultsDirectory="ddd259c7-b487-492e-93fa-5250c6716c0d" />
    <UnitTestResult executionId="f3c4cb68-37d7-40fe-a488-005d1fb6374b" testId="6a169e93-a09a-71c6-21af-79aca354dd0f" testName="Softwareschmiede.IntegrationTests.Services.TodoServiceTests.CreateTodoAsync_ShouldPersistTodo_WhenValidDataGiven" computerName="DESKTOP-CM8OBSG" duration="00:00:00.6934505" startTime="2026-09-16T10:22:16.6482263+02:00" endTime="2026-09-16T10:22:17.3415347+02:00" testType="13cdc9d9-ddb5-4fa4-a97d-d965ccfc6d4b" outcome="Passed" testListId="8c84fa94-04c1-424b-9868-57a2d4851a1d" relativeResultsDirectory="f3c4cb68-37d7-40fe-a488-005d1fb6374b" />
    <UnitTestResult executionId="e84434cc-d06b-4475-8a91-45404872c0b1" testId="62996623-2d38-2ed5-2104-3cd0c2705a64" testName="Softwareschmiede.IntegrationTests.Services.ProtokollServiceTests.SuchenAsync_ShouldFindEntriesByAgentName_WhenAgentNameMatches" computerName="DESKTOP-CM8OBSG" duration="00:00:00.4669386" startTime="2026-09-16T10:22:19.7694066+02:00" endTime="2026-09-16T10:22:20.2362222+02:00" testType="13cdc9d9-ddb5-4fa4-a97d-d965ccfc6d4b" outcome="Passed" testListId="8c84fa94-04c1-424b-9868-57a2d4851a1d" relativeResultsDirectory="e84434cc-d06b-4475-8a91-45404872c0b1" />
    <UnitTestResult executionId="720d152c-a6d7-43f7-b1d1-22b1699dcff4" testId="ba71ac1d-fe18-877a-1ce9-b80cde199e6c" testName="Softwareschmiede.IntegrationTests.Services.ProjektServiceTests.GetByIdAsync_ShouldReturnNull_WhenProjektDoesNotExist" computerName="DESKTOP-CM8OBSG" duration="00:00:00.6295898" startTime="2026-09-16T10:22:18.0729266+02:00" endTime="2026-09-16T10:22:18.7017689+02:00" testType="13cdc9d9-ddb5-4fa4-a97d-d965ccfc6d4b" outcome="Passed" testListId="8c84fa94-04c1-424b-9868-57a2d4851a1d" relativeResultsDirectory="720d152c-a6d7-43f7-b1d1-22b1699dcff4" />
    <UnitTestResult executionId="a549a1e7-71b2-4f58-9e9c-f8f87a7709ca" testId="da255311-a16b-68f8-5893-cbe107974786" testName="Softwareschmiede.IntegrationTests.Services.AufgabeServiceTests.VerwerfenAsync_ShouldCascadeDeleteProtokolleintraege_WhenOffeneAufgabeGeloeschtWird" computerName="DESKTOP-CM8OBSG" duration="00:00:00.5998362" startTime="2026-09-16T10:22:18.0347631+02:00" endTime="2026-09-16T10:22:18.6345055+02:00" testType="13cdc9d9-ddb5-4fa4-a97d-d965ccfc6d4b" outcome="Passed" testListId="8c84fa94-04c1-424b-9868-57a2d4851a1d" relativeResultsDirectory="a549a1e7-71b2-4f58-9e9c-f8f87a7709ca" />
    <UnitTestResult executionId="9c19063b-35d5-4364-a435-682e0780fd85" testId="7239330b-9b85-369d-e955-42a248a4a750" testName="Softwareschmiede.IntegrationTests.Services.ProtokollServiceTests.AddTestErgebnisseAsync_ShouldPersistTestDuration_WhenTimeSpanGiven" computerName="DESKTOP-CM8OBSG" duration="00:00:00.6009668" startTime="2026-09-16T10:22:18.7177119+02:00" endTime="2026-09-16T10:22:19.3185786+02:00" testType="13cdc9d9-ddb5-4fa4-a97d-d965ccfc6d4b" outcome="Passed" testListId="8c84fa94-04c1-424b-9868-57a2d4851a1d" relativeResultsDirectory="9c19063b-35d5-4364-a435-682e0780fd85" />
    <UnitTestResult executionId="d8563486-e2e7-41b8-80db-1991ed1d5b3c" testId="82da44e0-d740-c8dc-b7a0-993d3f67432c" testName="Softwareschmiede.IntegrationTests.Services.EntwicklungsprozessServiceTests.ProzessStartenAsync_ShouldPersistBranchAndKlonPfad_WhenAufgabeExists" computerName="DESKTOP-CM8OBSG" duration="00:00:00.6568735" startTime="2026-09-16T10:22:20.6197639+02:00" endTime="2026-09-16T10:22:21.2767074+02:00" testType="13cdc9d9-ddb5-4fa4-a97d-d965ccfc6d4b" outcome="Passed" testListId="8c84fa94-04c1-424b-9868-57a2d4851a1d" relativeResultsDirectory="d8563486-e2e7-41b8-80db-1991ed1d5b3c" />
    <UnitTestResult executionId="ebb5884a-9e70-4885-a5fb-73018ff33247" testId="113a5064-e964-3d48-f26f-6cafbe4f9e48" testName="Softwareschmiede.IntegrationTests.Services.EntwicklungsprozessServiceTests.ProzessStartenAsync_ShouldCreateGitAktionProtokollEintrag_WhenProcessStarted" computerName="DESKTOP-CM8OBSG" duration="00:00:00.7429352" startTime="2026-09-16T10:22:16.7258640+02:00" endTime="2026-09-16T10:22:17.4688753+02:00" testType="13cdc9d9-ddb5-4fa4-a97d-d965ccfc6d4b" outcome="Passed" testListId="8c84fa94-04c1-424b-9868-57a2d4851a1d" relativeResultsDirectory="ebb5884a-9e70-4885-a5fb-73018ff33247" />
    <UnitTestResult executionId="47cf0f54-ab3c-4e71-8358-32f39a6d888b" testId="9898a0b7-1e66-98c7-5ea5-c83e2a9b6d41" testName="Softwareschmiede.IntegrationTests.Infrastructure.WorkdirMigrationTests.MigrateAsync_AddAufgabeAusfuehrungsStatus_BackfilledAlleAltStatus" computerName="DESKTOP-CM8OBSG" duration="00:00:02.8391929" startTime="2026-09-16T10:22:13.6500755+02:00" endTime="2026-09-16T10:22:16.4919893+02:00" testType="13cdc9d9-ddb5-4fa4-a97d-d965ccfc6d4b" outcome="Passed" testListId="8c84fa94-04c1-424b-9868-57a2d4851a1d" relativeResultsDirectory="47cf0f54-ab3c-4e71-8358-32f39a6d888b" />
    <UnitTestResult executionId="baaa0f2f-0e6d-4dc4-bc2c-e9a69230ed9b" testId="36fe70e3-d30c-56bf-0247-b44753437a17" testName="Softwareschmiede.IntegrationTests.Infrastructure.Plugins.LocalDirectoryPluginIntegrationTests.CloneRepositoryAsync_ShouldCopySourceWithoutMutatingIt_WhenSeparateModeUsesCopyBootstrap" computerName="DESKTOP-CM8OBSG" duration="00:00:00.3347770" startTime="2026-09-16T10:22:14.7483501+02:00" endTime="2026-09-16T10:22:15.0827516+02:00" testType="13cdc9d9-ddb5-4fa4-a97d-d965ccfc6d4b" outcome="Passed" testListId="8c84fa94-04c1-424b-9868-57a2d4851a1d" relativeResultsDirectory="baaa0f2f-0e6d-4dc4-bc2c-e9a69230ed9b" />
    <UnitTestResult executionId="11f311ec-515d-46d6-bec9-3f08f2dcfa32" testId="a29a1cca-3bee-1907-d1bb-dfe0dcf3e5b3" testName="Softwareschmiede.IntegrationTests.Infrastructure.Plugins.LocalDirectoryPluginIntegrationTests.CloneRepositoryAsync_ShouldFail_WhenSourceWorkspaceIsDirty" computerName="DESKTOP-CM8OBSG" duration="00:00:00.2277672" startTime="2026-09-16T10:22:15.0828894+02:00" endTime="2026-09-16T10:22:15.3108283+02:00" testType="13cdc9d9-ddb5-4fa4-a97d-d965ccfc6d4b" outcome="Passed" testListId="8c84fa94-04c1-424b-9868-57a2d4851a1d" relativeResultsDirectory="11f311ec-515d-46d6-bec9-3f08f2dcfa32" />
    <UnitTestResult executionId="b15a0d7f-6233-40de-a609-09ea3ac69be1" testId="4eb3c21f-ab59-7711-c3c9-bddee9a42d35" testName="Softwareschmiede.IntegrationTests.Services.AufgabeServiceTests.CreateAsync_ShouldPersistAufgabe_WhenValidDataGiven" computerName="DESKTOP-CM8OBSG" duration="00:00:00.2310777" startTime="2026-09-16T10:22:23.0804304+02:00" endTime="2026-09-16T10:22:23.3114350+02:00" testType="13cdc9d9-ddb5-4fa4-a97d-d965ccfc6d4b" outcome="Passed" testListId="8c84fa94-04c1-424b-9868-57a2d4851a1d" relativeResultsDirectory="b15a0d7f-6233-40de-a609-09ea3ac69be1" />
    <UnitTestResult executionId="2317dfb6-1289-4185-96ef-0b5354feedf6" testId="5a27abc9-1460-8ef6-3bd2-ed0e9adf1b29" testName="Softwareschmiede.IntegrationTests.Services.AufgabeServiceTests.GetAktiveAufgabenAsync_ShouldSortByLetzterCliStartDescThenByErstellungsDatum_WhenUsingSqlite" computerName="DESKTOP-CM8OBSG" duration="00:00:00.6109818" startTime="2026-09-16T10:22:18.6353966+02:00" endTime="2026-09-16T10:22:19.2456398+02:00" testType="13cdc9d9-ddb5-4fa4-a97d-d965ccfc6d4b" outcome="Passed" testListId="8c84fa94-04c1-424b-9868-57a2d4851a1d" relativeResultsDirectory="2317dfb6-1289-4185-96ef-0b5354feedf6" />
    <UnitTestResult executionId="e2962e87-0892-4dab-ada5-7539d1ae176a" testId="3d9a4d7d-ae58-ebc1-c3af-60adc3d3c583" testName="Softwareschmiede.IntegrationTests.Services.ProjektServiceTests.GetDetailAsync_ShouldIncludeRepositoriesAndAufgaben_WhenProjektHasRelatedData" computerName="DESKTOP-CM8OBSG" duration="00:00:02.9962220" startTime="2026-09-16T10:22:13.6489599+02:00" endTime="2026-09-16T10:22:16.6488763+02:00" testType="13cdc9d9-ddb5-4fa4-a97d-d965ccfc6d4b" outcome="Passed" testListId="8c84fa94-04c1-424b-9868-57a2d4851a1d" relativeResultsDirectory="e2962e87-0892-4dab-ada5-7539d1ae176a" />
    <UnitTestResult executionId="0a5c75b7-0325-4e4f-98fe-b6f70cf3b756" testId="46eda936-2111-f8ea-5b0e-ca0487bbda6c" testName="Softwareschmiede.IntegrationTests.Services.EntwicklungsprozessServiceTests.WhenFeatureFlagDisabled_ShouldUseFallbackPath" computerName="DESKTOP-CM8OBSG" duration="00:00:00.6454186" startTime="2026-09-16T10:22:17.4690772+02:00" endTime="2026-09-16T10:22:18.1355480+02:00" testType="13cdc9d9-ddb5-4fa4-a97d-d965ccfc6d4b" outcome="Passed" testListId="8c84fa94-04c1-424b-9868-57a2d4851a1d" relativeResultsDirectory="0a5c75b7-0325-4e4f-98fe-b6f70cf3b756" />
  </Results>
  <TestDefinitions>
    <UnitTest name="Softwareschmiede.IntegrationTests.Services.AufgabeServiceTests.GetAktiveAufgabenAsync_ShouldSortByLetzterCliStartDescThenByErstellungsDatum_WhenUsingSqlite" storage="d:\repositories\softwareschmiede\4e13c673-2977-41e8-b0f7-a2ad19f7d7e3\src\softwareschmiede.integrationtests\bin\debug\net10.0\softwareschmiede.integrationtests.dll" id="5a27abc9-1460-8ef6-3bd2-ed0e9adf1b29">
      <Execution id="2317dfb6-1289-4185-96ef-0b5354feedf6" />
      <TestMethod codeBase="D:\Repositories\softwareschmiede\4e13c673-2977-41e8-b0f7-a2ad19f7d7e3\src\Softwareschmiede.IntegrationTests\bin\Debug\net10.0\Softwareschmiede.IntegrationTests.dll" adapterTypeName="executor://xunit/VsTestRunner3/netcore/" className="Softwareschmiede.IntegrationTests.Services.AufgabeServiceTests" name="GetAktiveAufgabenAsync_ShouldSortByLetzterCliStartDescThenByErstellungsDatum_WhenUsingSqlite" />
    </UnitTest>
    <UnitTest name="Softwareschmiede.IntegrationTests.Infrastructure.Plugins.LocalDirectoryPluginIntegrationTests.CloneRepositoryAsync_ShouldFail_WhenSourceWorkspaceIsDirty" storage="d:\repositories\softwareschmiede\4e13c673-2977-41e8-b0f7-a2ad19f7d7e3\src\softwareschmiede.integrationtests\bin\debug\net10.0\softwareschmiede.integrationtests.dll" id="a29a1cca-3bee-1907-d1bb-dfe0dcf3e5b3">
      <Execution id="11f311ec-515d-46d6-bec9-3f08f2dcfa32" />
      <TestMethod codeBase="D:\Repositories\softwareschmiede\4e13c673-2977-41e8-b0f7-a2ad19f7d7e3\src\Softwareschmiede.IntegrationTests\bin\Debug\net10.0\Softwareschmiede.IntegrationTests.dll" adapterTypeName="executor://xunit/VsTestRunner3/netcore/" className="Softwareschmiede.IntegrationTests.Infrastructure.Plugins.LocalDirectoryPluginIntegrationTests" name="CloneRepositoryAsync_ShouldFail_WhenSourceWorkspaceIsDirty" />
    </UnitTest>
    <UnitTest name="Softwareschmiede.IntegrationTests.Services.EntwicklungsprozessServiceTests.WhenFeatureFlagDisabled_ShouldUseFallbackPath" storage="d:\repositories\softwareschmiede\4e13c673-2977-41e8-b0f7-a2ad19f7d7e3\src\softwareschmiede.integrationtests\bin\debug\net10.0\softwareschmiede.integrationtests.dll" id="46eda936-2111-f8ea-5b0e-ca0487bbda6c">
      <Execution id="0a5c75b7-0325-4e4f-98fe-b6f70cf3b756" />
      <TestMethod codeBase="D:\Repositories\softwareschmiede\4e13c673-2977-41e8-b0f7-a2ad19f7d7e3\src\Softwareschmiede.IntegrationTests\bin\Debug\net10.0\Softwareschmiede.IntegrationTests.dll" adapterTypeName="executor://xunit/VsTestRunner3/netcore/" className="Softwareschmiede.IntegrationTests.Services.EntwicklungsprozessServiceTests" name="WhenFeatureFlagDisabled_ShouldUseFallbackPath" />
    </UnitTest>
    <UnitTest name="Softwareschmiede.IntegrationTests.Infrastructure.Plugins.LocalDirectoryPluginIntegrationTests.PullAsync_ShouldRefreshWorkspaceFromSource_WithoutMerge" storage="d:\repositories\softwareschmiede\4e13c673-2977-41e8-b0f7-a2ad19f7d7e3\src\softwareschmiede.integrationtests\bin\debug\net10.0\softwareschmiede.integrationtests.dll" id="345da8ae-5623-141e-b453-ce6423a968af">
      <Execution id="f677745e-ad16-4cbd-a404-23288d42ff69" />
      <TestMethod codeBase="D:\Repositories\softwareschmiede\4e13c673-2977-41e8-b0f7-a2ad19f7d7e3\src\Softwareschmiede.IntegrationTests\bin\Debug\net10.0\Softwareschmiede.IntegrationTests.dll" adapterTypeName="executor://xunit/VsTestRunner3/netcore/" className="Softwareschmiede.IntegrationTests.Infrastructure.Plugins.LocalDirectoryPluginIntegrationTests" name="PullAsync_ShouldRefreshWorkspaceFromSource_WithoutMerge" />
    </UnitTest>
    <UnitTest name="Softwareschmiede.IntegrationTests.Infrastructure.Plugins.LocalDirectoryPluginIntegrationTests.CloneRepositoryAsync_ShouldRunInSourceDirectory_WhenModeIsInSourceDirectory" storage="d:\repositories\softwareschmiede\4e13c673-2977-41e8-b0f7-a2ad19f7d7e3\src\softwareschmiede.integrationtests\bin\debug\net10.0\softwareschmiede.integrationtests.dll" id="7976c4ca-8abf-87e7-3628-98d202d84f74">
      <Execution id="676d948f-fca0-4cb9-b068-c48d5e11c5d4" />
      <TestMethod codeBase="D:\Repositories\softwareschmiede\4e13c673-2977-41e8-b0f7-a2ad19f7d7e3\src\Softwareschmiede.IntegrationTests\bin\Debug\net10.0\Softwareschmiede.IntegrationTests.dll" adapterTypeName="executor://xunit/VsTestRunner3/netcore/" className="Softwareschmiede.IntegrationTests.Infrastructure.Plugins.LocalDirectoryPluginIntegrationTests" name="CloneRepositoryAsync_ShouldRunInSourceDirectory_WhenModeIsInSourceDirectory" />
    </UnitTest>
    <UnitTest name="Softwareschmiede.IntegrationTests.Services.AufgabeServiceTests.UpdateAsync_ShouldKeepAusfuehrungsStatus_WhenBeendeteAusfuehrungLoadedAndSaved" storage="d:\repositories\softwareschmiede\4e13c673-2977-41e8-b0f7-a2ad19f7d7e3\src\softwareschmiede.integrationtests\bin\debug\net10.0\softwareschmiede.integrationtests.dll" id="c7b298ec-4479-8644-e7f6-76ac6ad0c794">
      <Execution id="1ed0f817-0cb5-4e13-9787-6721b6c565b7" />
      <TestMethod codeBase="D:\Repositories\softwareschmiede\4e13c673-2977-41e8-b0f7-a2ad19f7d7e3\src\Softwareschmiede.IntegrationTests\bin\Debug\net10.0\Softwareschmiede.IntegrationTests.dll" adapterTypeName="executor://xunit/VsTestRunner3/netcore/" className="Softwareschmiede.IntegrationTests.Services.AufgabeServiceTests" name="UpdateAsync_ShouldKeepAusfuehrungsStatus_WhenBeendeteAusfuehrungLoadedAndSaved" />
    </UnitTest>
    <UnitTest name="Softwareschmiede.IntegrationTests.Services.AufgabeRecoveryServiceTests.RecoverManuellAsync_ShouldThrowConcurrencyConflict_WhenRecoveryVersionChangedConcurrently" storage="d:\repositories\softwareschmiede\4e13c673-2977-41e8-b0f7-a2ad19f7d7e3\src\softwareschmiede.integrationtests\bin\debug\net10.0\softwareschmiede.integrationtests.dll" id="2083470a-6c50-6b4b-e4a3-be024086c78c">
      <Execution id="2a51bb8b-7ed7-44c9-9318-95b0b687776e" />
      <TestMethod codeBase="D:\Repositories\softwareschmiede\4e13c673-2977-41e8-b0f7-a2ad19f7d7e3\src\Softwareschmiede.IntegrationTests\bin\Debug\net10.0\Softwareschmiede.IntegrationTests.dll" adapterTypeName="executor://xunit/VsTestRunner3/netcore/" className="Softwareschmiede.IntegrationTests.Services.AufgabeRecoveryServiceTests" name="RecoverManuellAsync_ShouldThrowConcurrencyConflict_WhenRecoveryVersionChangedConcurrently" />
    </UnitTest>
    <UnitTest name="Softwareschmiede.IntegrationTests.Infrastructure.Plugins.LocalDirectoryPluginIntegrationTests.PushBranchAsync_ShouldSynchronizeFilesAndDeleteTrackedRemovals_InSeparateMode" storage="d:\repositories\softwareschmiede\4e13c673-2977-41e8-b0f7-a2ad19f7d7e3\src\softwareschmiede.integrationtests\bin\debug\net10.0\softwareschmiede.integrationtests.dll" id="02ee06f3-1768-4567-c797-da4b0c5bda73">
      <Execution id="9b81c636-fec0-4779-b07c-b4b2bb9a105d" />
      <TestMethod codeBase="D:\Repositories\softwareschmiede\4e13c673-2977-41e8-b0f7-a2ad19f7d7e3\src\Softwareschmiede.IntegrationTests\bin\Debug\net10.0\Softwareschmiede.IntegrationTests.dll" adapterTypeName="executor://xunit/VsTestRunner3/netcore/" className="Softwareschmiede.IntegrationTests.Infrastructure.Plugins.LocalDirectoryPluginIntegrationTests" name="PushBranchAsync_ShouldSynchronizeFilesAndDeleteTrackedRemovals_InSeparateMode" />
    </UnitTest>
    <UnitTest name="Softwareschmiede.IntegrationTests.Services.ProtokollServiceTests.SuchenAsync_ShouldFindEntriesContainingSuchbegriff_WhenInhaltMatches" storage="d:\repositories\softwareschmiede\4e13c673-2977-41e8-b0f7-a2ad19f7d7e3\src\softwareschmiede.integrationtests\bin\debug\net10.0\softwareschmiede.integrationtests.dll" id="3d6cfba0-a63a-8b2f-e381-fe3b12a42990">
      <Execution id="30836a25-0506-4260-9a33-570394ebad14" />
      <TestMethod codeBase="D:\Repositories\softwareschmiede\4e13c673-2977-41e8-b0f7-a2ad19f7d7e3\src\Softwareschmiede.IntegrationTests\bin\Debug\net10.0\Softwareschmiede.IntegrationTests.dll" adapterTypeName="executor://xunit/VsTestRunner3/netcore/" className="Softwareschmiede.IntegrationTests.Services.ProtokollServiceTests" name="SuchenAsync_ShouldFindEntriesContainingSuchbegriff_WhenInhaltMatches" />
    </UnitTest>
    <UnitTest name="Softwareschmiede.IntegrationTests.Services.ProjektServiceTests.AddRepositoryAsync_ShouldPersistSourceDirectory_WhenLocalDirectoryPluginIsUsed" storage="d:\repositories\softwareschmiede\4e13c673-2977-41e8-b0f7-a2ad19f7d7e3\src\softwareschmiede.integrationtests\bin\debug\net10.0\softwareschmiede.integrationtests.dll" id="1f92236e-253a-7de8-0f85-ec36b2dd4e56">
      <Execution id="61b1d765-639a-4eef-81e6-f912055da2fb" />
      <TestMethod codeBase="D:\Repositories\softwareschmiede\4e13c673-2977-41e8-b0f7-a2ad19f7d7e3\src\Softwareschmiede.IntegrationTests\bin\Debug\net10.0\Softwareschmiede.IntegrationTests.dll" adapterTypeName="executor://xunit/VsTestRunner3/netcore/" className="Softwareschmiede.IntegrationTests.Services.ProjektServiceTests" name="AddRepositoryAsync_ShouldPersistSourceDirectory_WhenLocalDirectoryPluginIsUsed" />
    </UnitTest>
    <UnitTest name="Softwareschmiede.IntegrationTests.Services.AufgabeServiceTests.AbschliessenAsync_ShouldSetStatusAbgeschlossenAndClearBranchInfo_WhenAufgabeInBearbeitung" storage="d:\repositories\softwareschmiede\4e13c673-2977-41e8-b0f7-a2ad19f7d7e3\src\softwareschmiede.integrationtests\bin\debug\net10.0\softwareschmiede.integrationtests.dll" id="7e22b1e7-c6af-6894-7978-19998af2705b">
      <Execution id="c4d8eae9-421f-4bd7-966d-c6f68868283e" />
      <TestMethod codeBase="D:\Repositories\softwareschmiede\4e13c673-2977-41e8-b0f7-a2ad19f7d7e3\src\Softwareschmiede.IntegrationTests\bin\Debug\net10.0\Softwareschmiede.IntegrationTests.dll" adapterTypeName="executor://xunit/VsTestRunner3/netcore/" className="Softwareschmiede.IntegrationTests.Services.AufgabeServiceTests" name="AbschliessenAsync_ShouldSetStatusAbgeschlossenAndClearBranchInfo_WhenAufgabeInBearbeitung" />
    </UnitTest>
    <UnitTest name="Softwareschmiede.IntegrationTests.Services.ProjektServiceTests.ArchivierenAsync_ShouldSetStatusToArchiviert_WhenProjektExists" storage="d:\repositories\softwareschmiede\4e13c673-2977-41e8-b0f7-a2ad19f7d7e3\src\softwareschmiede.integrationtests\bin\debug\net10.0\softwareschmiede.integrationtests.dll" id="db631432-496e-84af-a8f1-f8e8f143f2bc">
      <Execution id="ddd259c7-b487-492e-93fa-5250c6716c0d" />
      <TestMethod codeBase="D:\Repositories\softwareschmiede\4e13c673-2977-41e8-b0f7-a2ad19f7d7e3\src\Softwareschmiede.IntegrationTests\bin\Debug\net10.0\Softwareschmiede.IntegrationTests.dll" adapterTypeName="executor://xunit/VsTestRunner3/netcore/" className="Softwareschmiede.IntegrationTests.Services.ProjektServiceTests" name="ArchivierenAsync_ShouldSetStatusToArchiviert_WhenProjektExists" />
    </UnitTest>
    <UnitTest name="Softwareschmiede.IntegrationTests.Services.AufgabeRecoveryServiceTests.RecoverManuellAsync_ShouldSetGestartetAndCreateAudit_WhenStatusIsGestartet" storage="d:\repositories\softwareschmiede\4e13c673-2977-41e8-b0f7-a2ad19f7d7e3\src\softwareschmiede.integrationtests\bin\debug\net10.0\softwareschmiede.integrationtests.dll" id="7f864e6e-0702-86b5-59fe-0d5d71b93569">
      <Execution id="8a909d0a-6cba-48ef-820a-8246abe496f0" />
      <TestMethod codeBase="D:\Repositories\softwareschmiede\4e13c673-2977-41e8-b0f7-a2ad19f7d7e3\src\Softwareschmiede.IntegrationTests\bin\Debug\net10.0\Softwareschmiede.IntegrationTests.dll" adapterTypeName="executor://xunit/VsTestRunner3/netcore/" className="Softwareschmiede.IntegrationTests.Services.AufgabeRecoveryServiceTests" name="RecoverManuellAsync_ShouldSetGestartetAndCreateAudit_WhenStatusIsGestartet" />
    </UnitTest>
    <UnitTest name="Softwareschmiede.IntegrationTests.Services.EntwicklungsprozessServiceTests.ProzessStartenAsync_ShouldCreateGitAktionProtokollEintrag_WhenProcessStarted" storage="d:\repositories\softwareschmiede\4e13c673-2977-41e8-b0f7-a2ad19f7d7e3\src\softwareschmiede.integrationtests\bin\debug\net10.0\softwareschmiede.integrationtests.dll" id="113a5064-e964-3d48-f26f-6cafbe4f9e48">
      <Execution id="ebb5884a-9e70-4885-a5fb-73018ff33247" />
      <TestMethod codeBase="D:\Repositories\softwareschmiede\4e13c673-2977-41e8-b0f7-a2ad19f7d7e3\src\Softwareschmiede.IntegrationTests\bin\Debug\net10.0\Softwareschmiede.IntegrationTests.dll" adapterTypeName="executor://xunit/VsTestRunner3/netcore/" className="Softwareschmiede.IntegrationTests.Services.EntwicklungsprozessServiceTests" name="ProzessStartenAsync_ShouldCreateGitAktionProtokollEintrag_WhenProcessStarted" />
    </UnitTest>
    <UnitTest name="Softwareschmiede.IntegrationTests.Services.AufgabeServiceTests.CreateAsync_ShouldPersistAufgabe_WhenValidDataGiven" storage="d:\repositories\softwareschmiede\4e13c673-2977-41e8-b0f7-a2ad19f7d7e3\src\softwareschmiede.integrationtests\bin\debug\net10.0\softwareschmiede.integrationtests.dll" id="4eb3c21f-ab59-7711-c3c9-bddee9a42d35">
      <Execution id="b15a0d7f-6233-40de-a609-09ea3ac69be1" />
      <TestMethod codeBase="D:\Repositories\softwareschmiede\4e13c673-2977-41e8-b0f7-a2ad19f7d7e3\src\Softwareschmiede.IntegrationTests\bin\Debug\net10.0\Softwareschmiede.IntegrationTests.dll" adapterTypeName="executor://xunit/VsTestRunner3/netcore/" className="Softwareschmiede.IntegrationTests.Services.AufgabeServiceTests" name="CreateAsync_ShouldPersistAufgabe_WhenValidDataGiven" />
    </UnitTest>
    <UnitTest name="Softwareschmiede.IntegrationTests.Services.ProjektServiceTests.GetDetailAsync_ShouldIncludeRepositoriesAndAufgaben_WhenProjektHasRelatedData" storage="d:\repositories\softwareschmiede\4e13c673-2977-41e8-b0f7-a2ad19f7d7e3\src\softwareschmiede.integrationtests\bin\debug\net10.0\softwareschmiede.integrationtests.dll" id="3d9a4d7d-ae58-ebc1-c3af-60adc3d3c583">
      <Execution id="e2962e87-0892-4dab-ada5-7539d1ae176a" />
      <TestMethod codeBase="D:\Repositories\softwareschmiede\4e13c673-2977-41e8-b0f7-a2ad19f7d7e3\src\Softwareschmiede.IntegrationTests\bin\Debug\net10.0\Softwareschmiede.IntegrationTests.dll" adapterTypeName="executor://xunit/VsTestRunner3/netcore/" className="Softwareschmiede.IntegrationTests.Services.ProjektServiceTests" name="GetDetailAsync_ShouldIncludeRepositoriesAndAufgaben_WhenProjektHasRelatedData" />
    </UnitTest>
    <UnitTest name="Softwareschmiede.IntegrationTests.Services.ProjektServiceTests.GetByIdAsync_ShouldReturnNull_WhenProjektDoesNotExist" storage="d:\repositories\softwareschmiede\4e13c673-2977-41e8-b0f7-a2ad19f7d7e3\src\softwareschmiede.integrationtests\bin\debug\net10.0\softwareschmiede.integrationtests.dll" id="ba71ac1d-fe18-877a-1ce9-b80cde199e6c">
      <Execution id="720d152c-a6d7-43f7-b1d1-22b1699dcff4" />
      <TestMethod codeBase="D:\Repositories\softwareschmiede\4e13c673-2977-41e8-b0f7-a2ad19f7d7e3\src\Softwareschmiede.IntegrationTests\bin\Debug\net10.0\Softwareschmiede.IntegrationTests.dll" adapterTypeName="executor://xunit/VsTestRunner3/netcore/" className="Softwareschmiede.IntegrationTests.Services.ProjektServiceTests" name="GetByIdAsync_ShouldReturnNull_WhenProjektDoesNotExist" />
    </UnitTest>
    <UnitTest name="Softwareschmiede.IntegrationTests.Infrastructure.Plugins.LocalDirectoryPluginIntegrationTests.CloneRepositoryAsync_ShouldUseSourceDirectoryFallback_WhenRepositoryUrlEmpty" storage="d:\repositories\softwareschmiede\4e13c673-2977-41e8-b0f7-a2ad19f7d7e3\src\softwareschmiede.integrationtests\bin\debug\net10.0\softwareschmiede.integrationtests.dll" id="f136091b-35d2-7a92-c4fb-04c446d25a4d">
      <Execution id="df8364e6-739a-461a-a839-c174f9c07945" />
      <TestMethod codeBase="D:\Repositories\softwareschmiede\4e13c673-2977-41e8-b0f7-a2ad19f7d7e3\src\Softwareschmiede.IntegrationTests\bin\Debug\net10.0\Softwareschmiede.IntegrationTests.dll" adapterTypeName="executor://xunit/VsTestRunner3/netcore/" className="Softwareschmiede.IntegrationTests.Infrastructure.Plugins.LocalDirectoryPluginIntegrationTests" name="CloneRepositoryAsync_ShouldUseSourceDirectoryFallback_WhenRepositoryUrlEmpty" />
    </UnitTest>
    <UnitTest name="Softwareschmiede.IntegrationTests.Services.EntwicklungsprozessServiceTests.ProzessStartenAsync_ShouldFallbackToTemp_WhenConfiguredPathIsUnavailable" storage="d:\repositories\softwareschmiede\4e13c673-2977-41e8-b0f7-a2ad19f7d7e3\src\softwareschmiede.integrationtests\bin\debug\net10.0\softwareschmiede.integrationtests.dll" id="513b1769-3207-2ced-46e7-e28cae7e4bc2">
      <Execution id="39b2f6a3-2485-4f77-9c73-05cfb6bfd1ec" />
      <TestMethod codeBase="D:\Repositories\softwareschmiede\4e13c673-2977-41e8-b0f7-a2ad19f7d7e3\src\Softwareschmiede.IntegrationTests\bin\Debug\net10.0\Softwareschmiede.IntegrationTests.dll" adapterTypeName="executor://xunit/VsTestRunner3/netcore/" className="Softwareschmiede.IntegrationTests.Services.EntwicklungsprozessServiceTests" name="ProzessStartenAsync_ShouldFallbackToTemp_WhenConfiguredPathIsUnavailable" />
    </UnitTest>
    <UnitTest name="Softwareschmiede.IntegrationTests.Services.EntwicklungsprozessServiceTests.ProzessStartenAsync_ShouldPersistBranchAndKlonPfad_WhenAufgabeExists" storage="d:\repositories\softwareschmiede\4e13c673-2977-41e8-b0f7-a2ad19f7d7e3\src\softwareschmiede.integrationtests\bin\debug\net10.0\softwareschmiede.integrationtests.dll" id="82da44e0-d740-c8dc-b7a0-993d3f67432c">
      <Execution id="d8563486-e2e7-41b8-80db-1991ed1d5b3c" />
      <TestMethod codeBase="D:\Repositories\softwareschmiede\4e13c673-2977-41e8-b0f7-a2ad19f7d7e3\src\Softwareschmiede.IntegrationTests\bin\Debug\net10.0\Softwareschmiede.IntegrationTests.dll" adapterTypeName="executor://xunit/VsTestRunner3/netcore/" className="Softwareschmiede.IntegrationTests.Services.EntwicklungsprozessServiceTests" name="ProzessStartenAsync_ShouldPersistBranchAndKlonPfad_WhenAufgabeExists" />
    </UnitTest>
    <UnitTest name="Softwareschmiede.IntegrationTests.Services.ProjektServiceTests.CreateAsync_ShouldPersistProjekt_WhenValidNameGiven" storage="d:\repositories\softwareschmiede\4e13c673-2977-41e8-b0f7-a2ad19f7d7e3\src\softwareschmiede.integrationtests\bin\debug\net10.0\softwareschmiede.integrationtests.dll" id="2209adb7-585d-a651-ef4c-87985452e6c2">
      <Execution id="a57e7486-19ea-46e2-9839-60a7b97de2a6" />
      <TestMethod codeBase="D:\Repositories\softwareschmiede\4e13c673-2977-41e8-b0f7-a2ad19f7d7e3\src\Softwareschmiede.IntegrationTests\bin\Debug\net10.0\Softwareschmiede.IntegrationTests.dll" adapterTypeName="executor://xunit/VsTestRunner3/netcore/" className="Softwareschmiede.IntegrationTests.Services.ProjektServiceTests" name="CreateAsync_ShouldPersistProjekt_WhenValidNameGiven" />
    </UnitTest>
    <UnitTest name="Softwareschmiede.IntegrationTests.Infrastructure.Plugins.LocalDirectoryPluginIntegrationTests.CloneRepositoryAsync_ShouldFail_WhenSeparateTargetEqualsSource" storage="d:\repositories\softwareschmiede\4e13c673-2977-41e8-b0f7-a2ad19f7d7e3\src\softwareschmiede.integrationtests\bin\debug\net10.0\softwareschmiede.integrationtests.dll" id="01922558-f772-f17e-5f0f-2b714469162a">
      <Execution id="5582b08d-0455-456c-ab6c-ad2ecc779121" />
      <TestMethod codeBase="D:\Repositories\softwareschmiede\4e13c673-2977-41e8-b0f7-a2ad19f7d7e3\src\Softwareschmiede.IntegrationTests\bin\Debug\net10.0\Softwareschmiede.IntegrationTests.dll" adapterTypeName="executor://xunit/VsTestRunner3/netcore/" className="Softwareschmiede.IntegrationTests.Infrastructure.Plugins.LocalDirectoryPluginIntegrationTests" name="CloneRepositoryAsync_ShouldFail_WhenSeparateTargetEqualsSource" />
    </UnitTest>
    <UnitTest name="Softwareschmiede.IntegrationTests.Services.EntwicklungsprozessServiceTests.AbschliessenAsync_ShouldSetStatusBeendetAndCreateStatusUebergang_WhenAufgabeInBearbeitung" storage="d:\repositories\softwareschmiede\4e13c673-2977-41e8-b0f7-a2ad19f7d7e3\src\softwareschmiede.integrationtests\bin\debug\net10.0\softwareschmiede.integrationtests.dll" id="03abbbdf-05ee-6388-b98f-f7e7ca7828b0">
      <Execution id="897a1dff-0b4c-4b0d-bc56-4292f4c94856" />
      <TestMethod codeBase="D:\Repositories\softwareschmiede\4e13c673-2977-41e8-b0f7-a2ad19f7d7e3\src\Softwareschmiede.IntegrationTests\bin\Debug\net10.0\Softwareschmiede.IntegrationTests.dll" adapterTypeName="executor://xunit/VsTestRunner3/netcore/" className="Softwareschmiede.IntegrationTests.Services.EntwicklungsprozessServiceTests" name="AbschliessenAsync_ShouldSetStatusBeendetAndCreateStatusUebergang_WhenAufgabeInBearbeitung" />
    </UnitTest>
    <UnitTest name="Softwareschmiede.IntegrationTests.Services.ProtokollServiceTests.AddEintragAsync_ShouldPersistProtokollEintrag_WhenValidDataGiven" storage="d:\repositories\softwareschmiede\4e13c673-2977-41e8-b0f7-a2ad19f7d7e3\src\softwareschmiede.integrationtests\bin\debug\net10.0\softwareschmiede.integrationtests.dll" id="0b49b9f1-c454-bdec-4652-1fbaee529f96">
      <Execution id="59b2b4b6-3ef7-486d-b8a0-932d4a489b5b" />
      <TestMethod codeBase="D:\Repositories\softwareschmiede\4e13c673-2977-41e8-b0f7-a2ad19f7d7e3\src\Softwareschmiede.IntegrationTests\bin\Debug\net10.0\Softwareschmiede.IntegrationTests.dll" adapterTypeName="executor://xunit/VsTestRunner3/netcore/" className="Softwareschmiede.IntegrationTests.Services.ProtokollServiceTests" name="AddEintragAsync_ShouldPersistProtokollEintrag_WhenValidDataGiven" />
    </UnitTest>
    <UnitTest name="Softwareschmiede.IntegrationTests.Services.ProtokollServiceTests.GetByAufgabeAsync_ShouldIncludeTestErgebnisse_WhenProtokollEintragHasTestResults" storage="d:\repositories\softwareschmiede\4e13c673-2977-41e8-b0f7-a2ad19f7d7e3\src\softwareschmiede.integrationtests\bin\debug\net10.0\softwareschmiede.integrationtests.dll" id="52f5dcbb-8d21-48cd-cdc8-27c2ebf042cc">
      <Execution id="ebfabb98-c15e-464f-ab56-dc34d3924fbe" />
      <TestMethod codeBase="D:\Repositories\softwareschmiede\4e13c673-2977-41e8-b0f7-a2ad19f7d7e3\src\Softwareschmiede.IntegrationTests\bin\Debug\net10.0\Softwareschmiede.IntegrationTests.dll" adapterTypeName="executor://xunit/VsTestRunner3/netcore/" className="Softwareschmiede.IntegrationTests.Services.ProtokollServiceTests" name="GetByAufgabeAsync_ShouldIncludeTestErgebnisse_WhenProtokollEintragHasTestResults" />
    </UnitTest>
    <UnitTest name="Softwareschmiede.IntegrationTests.Infrastructure.WorkdirMigrationTests.MigrateAsync_AddAufgabeAusfuehrungsStatus_BackfilledAlleAltStatus" storage="d:\repositories\softwareschmiede\4e13c673-2977-41e8-b0f7-a2ad19f7d7e3\src\softwareschmiede.integrationtests\bin\debug\net10.0\softwareschmiede.integrationtests.dll" id="9898a0b7-1e66-98c7-5ea5-c83e2a9b6d41">
      <Execution id="47cf0f54-ab3c-4e71-8358-32f39a6d888b" />
      <TestMethod codeBase="D:\Repositories\softwareschmiede\4e13c673-2977-41e8-b0f7-a2ad19f7d7e3\src\Softwareschmiede.IntegrationTests\bin\Debug\net10.0\Softwareschmiede.IntegrationTests.dll" adapterTypeName="executor://xunit/VsTestRunner3/netcore/" className="Softwareschmiede.IntegrationTests.Infrastructure.WorkdirMigrationTests" name="MigrateAsync_AddAufgabeAusfuehrungsStatus_BackfilledAlleAltStatus" />
    </UnitTest>
    <UnitTest name="Softwareschmiede.IntegrationTests.Infrastructure.Plugins.LocalDirectoryPluginIntegrationTests.CloneRepositoryAsync_ShouldCopySourceWithoutMutatingIt_WhenSeparateModeUsesCopyBootstrap" storage="d:\repositories\softwareschmiede\4e13c673-2977-41e8-b0f7-a2ad19f7d7e3\src\softwareschmiede.integrationtests\bin\debug\net10.0\softwareschmiede.integrationtests.dll" id="36fe70e3-d30c-56bf-0247-b44753437a17">
      <Execution id="baaa0f2f-0e6d-4dc4-bc2c-e9a69230ed9b" />
      <TestMethod codeBase="D:\Repositories\softwareschmiede\4e13c673-2977-41e8-b0f7-a2ad19f7d7e3\src\Softwareschmiede.IntegrationTests\bin\Debug\net10.0\Softwareschmiede.IntegrationTests.dll" adapterTypeName="executor://xunit/VsTestRunner3/netcore/" className="Softwareschmiede.IntegrationTests.Infrastructure.Plugins.LocalDirectoryPluginIntegrationTests" name="CloneRepositoryAsync_ShouldCopySourceWithoutMutatingIt_WhenSeparateModeUsesCopyBootstrap" />
    </UnitTest>
    <UnitTest name="Softwareschmiede.IntegrationTests.Services.AufgabeServiceTests.SetStatusAsync_ShouldSetStatusBeendet_WhenAufgabeIsGestartet" storage="d:\repositories\softwareschmiede\4e13c673-2977-41e8-b0f7-a2ad19f7d7e3\src\softwareschmiede.integrationtests\bin\debug\net10.0\softwareschmiede.integrationtests.dll" id="c218b9ed-b8de-af02-06c0-6ff01c3a8787">
      <Execution id="9fe2ddde-817a-41d8-90d4-e7efbc8fe7d3" />
      <TestMethod codeBase="D:\Repositories\softwareschmiede\4e13c673-2977-41e8-b0f7-a2ad19f7d7e3\src\Softwareschmiede.IntegrationTests\bin\Debug\net10.0\Softwareschmiede.IntegrationTests.dll" adapterTypeName="executor://xunit/VsTestRunner3/netcore/" className="Softwareschmiede.IntegrationTests.Services.AufgabeServiceTests" name="SetStatusAsync_ShouldSetStatusBeendet_WhenAufgabeIsGestartet" />
    </UnitTest>
    <UnitTest name="Softwareschmiede.IntegrationTests.Services.EntwicklungsprozessServiceTests.ProzessStartenAsync_ShouldLogFallbackEntry_WhenResolverUsesFallback" storage="d:\repositories\softwareschmiede\4e13c673-2977-41e8-b0f7-a2ad19f7d7e3\src\softwareschmiede.integrationtests\bin\debug\net10.0\softwareschmiede.integrationtests.dll" id="331d8076-e1c8-59e6-551d-d78882d53482">
      <Execution id="854c23c2-648e-4cce-8b79-35f3a9fb234e" />
      <TestMethod codeBase="D:\Repositories\softwareschmiede\4e13c673-2977-41e8-b0f7-a2ad19f7d7e3\src\Softwareschmiede.IntegrationTests\bin\Debug\net10.0\Softwareschmiede.IntegrationTests.dll" adapterTypeName="executor://xunit/VsTestRunner3/netcore/" className="Softwareschmiede.IntegrationTests.Services.EntwicklungsprozessServiceTests" name="ProzessStartenAsync_ShouldLogFallbackEntry_WhenResolverUsesFallback" />
    </UnitTest>
    <UnitTest name="Softwareschmiede.IntegrationTests.Services.AufgabeServiceTests.DeleteAsync_ShouldCascadeDeleteProtokolleintraege_WhenAufgabeDeleted" storage="d:\repositories\softwareschmiede\4e13c673-2977-41e8-b0f7-a2ad19f7d7e3\src\softwareschmiede.integrationtests\bin\debug\net10.0\softwareschmiede.integrationtests.dll" id="dec97c53-e18e-e85d-af15-cdb920dbcbc9">
      <Execution id="6b18e0cf-6b27-4db8-a699-015dd8991e3a" />
      <TestMethod codeBase="D:\Repositories\softwareschmiede\4e13c673-2977-41e8-b0f7-a2ad19f7d7e3\src\Softwareschmiede.IntegrationTests\bin\Debug\net10.0\Softwareschmiede.IntegrationTests.dll" adapterTypeName="executor://xunit/VsTestRunner3/netcore/" className="Softwareschmiede.IntegrationTests.Services.AufgabeServiceTests" name="DeleteAsync_ShouldCascadeDeleteProtokolleintraege_WhenAufgabeDeleted" />
    </UnitTest>
    <UnitTest name="Softwareschmiede.IntegrationTests.Infrastructure.Plugins.LocalDirectoryPluginIntegrationTests.CreateBranchCommitReset_ShouldWork_AfterPluginRecreation_UsingPointerFile" storage="d:\repositories\softwareschmiede\4e13c673-2977-41e8-b0f7-a2ad19f7d7e3\src\softwareschmiede.integrationtests\bin\debug\net10.0\softwareschmiede.integrationtests.dll" id="05ddcfa9-b134-a15b-52d7-fe1d1e3f2a2e">
      <Execution id="8f173bb1-bad3-4552-b359-01fbcb62c8a7" />
      <TestMethod codeBase="D:\Repositories\softwareschmiede\4e13c673-2977-41e8-b0f7-a2ad19f7d7e3\src\Softwareschmiede.IntegrationTests\bin\Debug\net10.0\Softwareschmiede.IntegrationTests.dll" adapterTypeName="executor://xunit/VsTestRunner3/netcore/" className="Softwareschmiede.IntegrationTests.Infrastructure.Plugins.LocalDirectoryPluginIntegrationTests" name="CreateBranchCommitReset_ShouldWork_AfterPluginRecreation_UsingPointerFile" />
    </UnitTest>
    <UnitTest name="Softwareschmiede.IntegrationTests.Services.AufgabeServiceTests.TryAssignIssueReferenzIfNoneAsync_ShouldNotOverwrite_WhenReferenceIsAssignedAfterCallerCheck" storage="d:\repositories\softwareschmiede\4e13c673-2977-41e8-b0f7-a2ad19f7d7e3\src\softwareschmiede.integrationtests\bin\debug\net10.0\softwareschmiede.integrationtests.dll" id="1fd7be43-85f2-5e2b-9d7a-c9663c3e9db8">
      <Execution id="246a6168-3b29-48f6-958d-9a21e6de4d4b" />
      <TestMethod codeBase="D:\Repositories\softwareschmiede\4e13c673-2977-41e8-b0f7-a2ad19f7d7e3\src\Softwareschmiede.IntegrationTests\bin\Debug\net10.0\Softwareschmiede.IntegrationTests.dll" adapterTypeName="executor://xunit/VsTestRunner3/netcore/" className="Softwareschmiede.IntegrationTests.Services.AufgabeServiceTests" name="TryAssignIssueReferenzIfNoneAsync_ShouldNotOverwrite_WhenReferenceIsAssignedAfterCallerCheck" />
    </UnitTest>
    <UnitTest name="Softwareschmiede.IntegrationTests.Services.EntwicklungsprozessServiceTests.ProzessStartenAsync_ShouldUseTempFallback_WhenNoWorkdirSettingExists" storage="d:\repositories\softwareschmiede\4e13c673-2977-41e8-b0f7-a2ad19f7d7e3\src\softwareschmiede.integrationtests\bin\debug\net10.0\softwareschmiede.integrationtests.dll" id="8294e076-abcd-26ec-408c-d001470f1634">
      <Execution id="965e7447-d3ef-4ef9-91d2-d0c11407ae3a" />
      <TestMethod codeBase="D:\Repositories\softwareschmiede\4e13c673-2977-41e8-b0f7-a2ad19f7d7e3\src\Softwareschmiede.IntegrationTests\bin\Debug\net10.0\Softwareschmiede.IntegrationTests.dll" adapterTypeName="executor://xunit/VsTestRunner3/netcore/" className="Softwareschmiede.IntegrationTests.Services.EntwicklungsprozessServiceTests" name="ProzessStartenAsync_ShouldUseTempFallback_WhenNoWorkdirSettingExists" />
    </UnitTest>
    <UnitTest name="Softwareschmiede.IntegrationTests.Services.ProtokollServiceTests.SuchenAsync_ShouldFindEntriesByAgentName_WhenAgentNameMatches" storage="d:\repositories\softwareschmiede\4e13c673-2977-41e8-b0f7-a2ad19f7d7e3\src\softwareschmiede.integrationtests\bin\debug\net10.0\softwareschmiede.integrationtests.dll" id="62996623-2d38-2ed5-2104-3cd0c2705a64">
      <Execution id="e84434cc-d06b-4475-8a91-45404872c0b1" />
      <TestMethod codeBase="D:\Repositories\softwareschmiede\4e13c673-2977-41e8-b0f7-a2ad19f7d7e3\src\Softwareschmiede.IntegrationTests\bin\Debug\net10.0\Softwareschmiede.IntegrationTests.dll" adapterTypeName="executor://xunit/VsTestRunner3/netcore/" className="Softwareschmiede.IntegrationTests.Services.ProtokollServiceTests" name="SuchenAsync_ShouldFindEntriesByAgentName_WhenAgentNameMatches" />
    </UnitTest>
    <UnitTest name="Softwareschmiede.IntegrationTests.Services.ProtokollServiceTests.AddTestErgebnisseAsync_ShouldPersistTestDuration_WhenTimeSpanGiven" storage="d:\repositories\softwareschmiede\4e13c673-2977-41e8-b0f7-a2ad19f7d7e3\src\softwareschmiede.integrationtests\bin\debug\net10.0\softwareschmiede.integrationtests.dll" id="7239330b-9b85-369d-e955-42a248a4a750">
      <Execution id="9c19063b-35d5-4364-a435-682e0780fd85" />
      <TestMethod codeBase="D:\Repositories\softwareschmiede\4e13c673-2977-41e8-b0f7-a2ad19f7d7e3\src\Softwareschmiede.IntegrationTests\bin\Debug\net10.0\Softwareschmiede.IntegrationTests.dll" adapterTypeName="executor://xunit/VsTestRunner3/netcore/" className="Softwareschmiede.IntegrationTests.Services.ProtokollServiceTests" name="AddTestErgebnisseAsync_ShouldPersistTestDuration_WhenTimeSpanGiven" />
    </UnitTest>
    <UnitTest name="Softwareschmiede.IntegrationTests.Infrastructure.Plugins.LocalDirectoryPluginIntegrationTests.MergeToSourceAsync_ShouldSynchronizeWorkspaceToSource_EndToEnd" storage="d:\repositories\softwareschmiede\4e13c673-2977-41e8-b0f7-a2ad19f7d7e3\src\softwareschmiede.integrationtests\bin\debug\net10.0\softwareschmiede.integrationtests.dll" id="6a862442-7f58-6e1a-9d29-bd7c351c93eb">
      <Execution id="4d830f73-b818-4bc3-8612-d660e0ad881b" />
      <TestMethod codeBase="D:\Repositories\softwareschmiede\4e13c673-2977-41e8-b0f7-a2ad19f7d7e3\src\Softwareschmiede.IntegrationTests\bin\Debug\net10.0\Softwareschmiede.IntegrationTests.dll" adapterTypeName="executor://xunit/VsTestRunner3/netcore/" className="Softwareschmiede.IntegrationTests.Infrastructure.Plugins.LocalDirectoryPluginIntegrationTests" name="MergeToSourceAsync_ShouldSynchronizeWorkspaceToSource_EndToEnd" />
    </UnitTest>
    <UnitTest name="Softwareschmiede.IntegrationTests.Services.EntwicklungsprozessServiceTests.DefaultSourceBranchName_ShouldBePersisted" storage="d:\repositories\softwareschmiede\4e13c673-2977-41e8-b0f7-a2ad19f7d7e3\src\softwareschmiede.integrationtests\bin\debug\net10.0\softwareschmiede.integrationtests.dll" id="ddff4f71-6682-a704-4688-67540c38f298">
      <Execution id="91a59f0d-a483-47cc-a2fc-e4b153ee3f36" />
      <TestMethod codeBase="D:\Repositories\softwareschmiede\4e13c673-2977-41e8-b0f7-a2ad19f7d7e3\src\Softwareschmiede.IntegrationTests\bin\Debug\net10.0\Softwareschmiede.IntegrationTests.dll" adapterTypeName="executor://xunit/VsTestRunner3/netcore/" className="Softwareschmiede.IntegrationTests.Services.EntwicklungsprozessServiceTests" name="DefaultSourceBranchName_ShouldBePersisted" />
    </UnitTest>
    <UnitTest name="Softwareschmiede.IntegrationTests.Services.TodoServiceTests.CreateTodoAsync_ShouldPersistTodo_WhenValidDataGiven" storage="d:\repositories\softwareschmiede\4e13c673-2977-41e8-b0f7-a2ad19f7d7e3\src\softwareschmiede.integrationtests\bin\debug\net10.0\softwareschmiede.integrationtests.dll" id="6a169e93-a09a-71c6-21af-79aca354dd0f">
      <Execution id="f3c4cb68-37d7-40fe-a488-005d1fb6374b" />
      <TestMethod codeBase="D:\Repositories\softwareschmiede\4e13c673-2977-41e8-b0f7-a2ad19f7d7e3\src\Softwareschmiede.IntegrationTests\bin\Debug\net10.0\Softwareschmiede.IntegrationTests.dll" adapterTypeName="executor://xunit/VsTestRunner3/netcore/" className="Softwareschmiede.IntegrationTests.Services.TodoServiceTests" name="CreateTodoAsync_ShouldPersistTodo_WhenValidDataGiven" />
    </UnitTest>
    <UnitTest name="Softwareschmiede.IntegrationTests.Services.ProtokollServiceTests.GetByAufgabeAsync_ShouldReturnEntriesChronologicallyAscending_WhenMultipleEntriesExist" storage="d:\repositories\softwareschmiede\4e13c673-2977-41e8-b0f7-a2ad19f7d7e3\src\softwareschmiede.integrationtests\bin\debug\net10.0\softwareschmiede.integrationtests.dll" id="61c4f109-e1a2-7743-0a67-7f76d5168520">
      <Execution id="0d3e521c-e1bc-41fe-925e-34b367cc1db2" />
      <TestMethod codeBase="D:\Repositories\softwareschmiede\4e13c673-2977-41e8-b0f7-a2ad19f7d7e3\src\Softwareschmiede.IntegrationTests\bin\Debug\net10.0\Softwareschmiede.IntegrationTests.dll" adapterTypeName="executor://xunit/VsTestRunner3/netcore/" className="Softwareschmiede.IntegrationTests.Services.ProtokollServiceTests" name="GetByAufgabeAsync_ShouldReturnEntriesChronologicallyAscending_WhenMultipleEntriesExist" />
    </UnitTest>
    <UnitTest name="Softwareschmiede.IntegrationTests.Infrastructure.WorkdirMigrationTests.MigrateAsync_ShouldApplyAndRollbackKiPluginPrefixMigration_AsNullableColumn" storage="d:\repositories\softwareschmiede\4e13c673-2977-41e8-b0f7-a2ad19f7d7e3\src\softwareschmiede.integrationtests\bin\debug\net10.0\softwareschmiede.integrationtests.dll" id="0ad75727-4697-9603-df23-394c37c70f0c">
      <Execution id="e9589525-54e2-4f83-8cae-ee89bf899d8e" />
      <TestMethod codeBase="D:\Repositories\softwareschmiede\4e13c673-2977-41e8-b0f7-a2ad19f7d7e3\src\Softwareschmiede.IntegrationTests\bin\Debug\net10.0\Softwareschmiede.IntegrationTests.dll" adapterTypeName="executor://xunit/VsTestRunner3/netcore/" className="Softwareschmiede.IntegrationTests.Infrastructure.WorkdirMigrationTests" name="MigrateAsync_ShouldApplyAndRollbackKiPluginPrefixMigration_AsNullableColumn" />
    </UnitTest>
    <UnitTest name="Softwareschmiede.IntegrationTests.Services.ProjektServiceTests.AddRepositoryAsync_ShouldPersistRepository_WhenProjektExists" storage="d:\repositories\softwareschmiede\4e13c673-2977-41e8-b0f7-a2ad19f7d7e3\src\softwareschmiede.integrationtests\bin\debug\net10.0\softwareschmiede.integrationtests.dll" id="16497e1c-6266-199d-c85f-7b1632807bbd">
      <Execution id="56f14171-f7c5-4ba3-9b70-f70ea81afbbd" />
      <TestMethod codeBase="D:\Repositories\softwareschmiede\4e13c673-2977-41e8-b0f7-a2ad19f7d7e3\src\Softwareschmiede.IntegrationTests\bin\Debug\net10.0\Softwareschmiede.IntegrationTests.dll" adapterTypeName="executor://xunit/VsTestRunner3/netcore/" className="Softwareschmiede.IntegrationTests.Services.ProjektServiceTests" name="AddRepositoryAsync_ShouldPersistRepository_WhenProjektExists" />
    </UnitTest>
    <UnitTest name="Softwareschmiede.IntegrationTests.Services.ProjektServiceTests.DeleteAsync_ShouldCascadeDeleteAufgaben_WhenProjektIsDeleted" storage="d:\repositories\softwareschmiede\4e13c673-2977-41e8-b0f7-a2ad19f7d7e3\src\softwareschmiede.integrationtests\bin\debug\net10.0\softwareschmiede.integrationtests.dll" id="84220320-98ef-151d-37d3-ec9bd41a0784">
      <Execution id="68769bdc-50d8-45ab-a6cc-e6264dbb1f81" />
      <TestMethod codeBase="D:\Repositories\softwareschmiede\4e13c673-2977-41e8-b0f7-a2ad19f7d7e3\src\Softwareschmiede.IntegrationTests\bin\Debug\net10.0\Softwareschmiede.IntegrationTests.dll" adapterTypeName="executor://xunit/VsTestRunner3/netcore/" className="Softwareschmiede.IntegrationTests.Services.ProjektServiceTests" name="DeleteAsync_ShouldCascadeDeleteAufgaben_WhenProjektIsDeleted" />
    </UnitTest>
    <UnitTest name="Softwareschmiede.IntegrationTests.Services.TodoServiceTests.GetDetailAsync_ShouldIncludeTodos_WhenTodosExist" storage="d:\repositories\softwareschmiede\4e13c673-2977-41e8-b0f7-a2ad19f7d7e3\src\softwareschmiede.integrationtests\bin\debug\net10.0\softwareschmiede.integrationtests.dll" id="804b1eba-a46b-f854-6761-4061ce2c24ea">
      <Execution id="cf8e0cb6-df6e-486c-bdf9-4460d3e61342" />
      <TestMethod codeBase="D:\Repositories\softwareschmiede\4e13c673-2977-41e8-b0f7-a2ad19f7d7e3\src\Softwareschmiede.IntegrationTests\bin\Debug\net10.0\Softwareschmiede.IntegrationTests.dll" adapterTypeName="executor://xunit/VsTestRunner3/netcore/" className="Softwareschmiede.IntegrationTests.Services.TodoServiceTests" name="GetDetailAsync_ShouldIncludeTodos_WhenTodosExist" />
    </UnitTest>
    <UnitTest name="Softwareschmiede.IntegrationTests.Services.AufgabeServiceTests.CreateFromIssueAsync_ShouldPersistAufgabeWithIssueReferenz_WhenIssueGiven" storage="d:\repositories\softwareschmiede\4e13c673-2977-41e8-b0f7-a2ad19f7d7e3\src\softwareschmiede.integrationtests\bin\debug\net10.0\softwareschmiede.integrationtests.dll" id="ef68fc87-1f8f-8060-93bc-8333ae7f294f">
[...]
    <UnitTest name="Softwareschmiede.IntegrationTests.Services.AufgabeServiceTests.UpdateAsync_ShouldPersistAllFields_WhenAufgabeExists" storage="d:\repositories\softwareschmiede\4e13c673-2977-41e8-b0f7-a2ad19f7d7e3\src\softwareschmiede.integrationtests\bin\debug\net10.0\softwareschmiede.integrationtests.dll" id="db97619e-2c53-4e98-23ac-f1bd483b7996">
      <Execution id="5f219b2f-a70c-4ab3-9ec3-ea6682a3e460" />
      <TestMethod codeBase="D:\Repositories\softwareschmiede\4e13c673-2977-41e8-b0f7-a2ad19f7d7e3\src\Softwareschmiede.IntegrationTests\bin\Debug\net10.0\Softwareschmiede.IntegrationTests.dll" adapterTypeName="executor://xunit/VsTestRunner3/netcore/" className="Softwareschmiede.IntegrationTests.Services.AufgabeServiceTests" name="UpdateAsync_ShouldPersistAllFields_WhenAufgabeExists" />
    </UnitTest>
    <UnitTest name="Softwareschmiede.IntegrationTests.Services.TodoServiceTests.Cascade_Delete_DeletesAllTodos" storage="d:\repositories\softwareschmiede\4e13c673-2977-41e8-b0f7-a2ad19f7d7e3\src\softwareschmiede.integrationtests\bin\debug\net10.0\softwareschmiede.integrationtests.dll" id="c4c371e6-8031-0987-ab47-b52a22eebc16">
      <Execution id="945b98ec-ff4f-45a8-8c7a-e9c20d3d84ca" />
      <TestMethod codeBase="D:\Repositories\softwareschmiede\4e13c673-2977-41e8-b0f7-a2ad19f7d7e3\src\Softwareschmiede.IntegrationTests\bin\Debug\net10.0\Softwareschmiede.IntegrationTests.dll" adapterTypeName="executor://xunit/VsTestRunner3/netcore/" className="Softwareschmiede.IntegrationTests.Services.TodoServiceTests" name="Cascade_Delete_DeletesAllTodos" />
    </UnitTest>
    <UnitTest name="Softwareschmiede.IntegrationTests.Services.AufgabeServiceTests.GetByProjektAsync_ShouldReturnAufgabenDescendingByDate_WhenMultipleAufgabenExist" storage="d:\repositories\softwareschmiede\4e13c673-2977-41e8-b0f7-a2ad19f7d7e3\src\softwareschmiede.integrationtests\bin\debug\net10.0\softwareschmiede.integrationtests.dll" id="bd98ae2c-e801-396e-6127-76d041ece1fe">
      <Execution id="705a9a39-2c64-4723-aa33-77dd39fdb9ea" />
      <TestMethod codeBase="D:\Repositories\softwareschmiede\4e13c673-2977-41e8-b0f7-a2ad19f7d7e3\src\Softwareschmiede.IntegrationTests\bin\Debug\net10.0\Softwareschmiede.IntegrationTests.dll" adapterTypeName="executor://xunit/VsTestRunner3/netcore/" className="Softwareschmiede.IntegrationTests.Services.AufgabeServiceTests" name="GetByProjektAsync_ShouldReturnAufgabenDescendingByDate_WhenMultipleAufgabenExist" />
    </UnitTest>
    <UnitTest name="Softwareschmiede.IntegrationTests.Services.AufgabeRecoveryServiceTests.RecoverManuellAsync_ShouldThrowAndKeepStatus_WhenProcessingIsStillRunning" storage="d:\repositories\softwareschmiede\4e13c673-2977-41e8-b0f7-a2ad19f7d7e3\src\softwareschmiede.integrationtests\bin\debug\net10.0\softwareschmiede.integrationtests.dll" id="995fb120-5095-86a0-650f-f368a59f14b5">
      <Execution id="950dd95d-ca93-45e7-bbcf-008a8e54798c" />
      <TestMethod codeBase="D:\Repositories\softwareschmiede\4e13c673-2977-41e8-b0f7-a2ad19f7d7e3\src\Softwareschmiede.IntegrationTests\bin\Debug\net10.0\Softwareschmiede.IntegrationTests.dll" adapterTypeName="executor://xunit/VsTestRunner3/netcore/" className="Softwareschmiede.IntegrationTests.Services.AufgabeRecoveryServiceTests" name="RecoverManuellAsync_ShouldThrowAndKeepStatus_WhenProcessingIsStillRunning" />
    </UnitTest>
    <UnitTest name="Softwareschmiede.IntegrationTests.Services.AufgabeRecoveryServiceTests.RecoverManuellAsync_ShouldAllowExactlyOneSuccess_WhenTriggeredInParallel" storage="d:\repositories\softwareschmiede\4e13c673-2977-41e8-b0f7-a2ad19f7d7e3\src\softwareschmiede.integrationtests\bin\debug\net10.0\softwareschmiede.integrationtests.dll" id="bc63f877-d2ba-f7d9-e444-881e99caa029">
      <Execution id="b0c8c86b-7329-4689-a660-1d4aaa4cce76" />
      <TestMethod codeBase="D:\Repositories\softwareschmiede\4e13c673-2977-41e8-b0f7-a2ad19f7d7e3\src\Softwareschmiede.IntegrationTests\bin\Debug\net10.0\Softwareschmiede.IntegrationTests.dll" adapterTypeName="executor://xunit/VsTestRunner3/netcore/" className="Softwareschmiede.IntegrationTests.Services.AufgabeRecoveryServiceTests" name="RecoverManuellAsync_ShouldAllowExactlyOneSuccess_WhenTriggeredInParallel" />
    </UnitTest>
    <UnitTest name="Softwareschmiede.IntegrationTests.Services.AufgabeServiceTests.GetDetailAsync_ShouldNotIncludeProtokolleintraege_WhenDataExists" storage="d:\repositories\softwareschmiede\4e13c673-2977-41e8-b0f7-a2ad19f7d7e3\src\softwareschmiede.integrationtests\bin\debug\net10.0\softwareschmiede.integrationtests.dll" id="f52e86ba-e7db-604f-6152-87053bf9563d">
      <Execution id="3abd4169-19e7-413e-a183-76e48fafa27e" />
      <TestMethod codeBase="D:\Repositories\softwareschmiede\4e13c673-2977-41e8-b0f7-a2ad19f7d7e3\src\Softwareschmiede.IntegrationTests\bin\Debug\net10.0\Softwareschmiede.IntegrationTests.dll" adapterTypeName="executor://xunit/VsTestRunner3/netcore/" className="Softwareschmiede.IntegrationTests.Services.AufgabeServiceTests" name="GetDetailAsync_ShouldNotIncludeProtokolleintraege_WhenDataExists" />
    </UnitTest>
    <UnitTest name="Softwareschmiede.IntegrationTests.Services.ProjektServiceTests.GetAllAsync_ShouldReturnProjectsAlphabeticallySorted_WhenMultipleProjectsExist" storage="d:\repositories\softwareschmiede\4e13c673-2977-41e8-b0f7-a2ad19f7d7e3\src\softwareschmiede.integrationtests\bin\debug\net10.0\softwareschmiede.integrationtests.dll" id="38540168-74be-9713-d0a0-971d3530f9dc">
      <Execution id="e0197c6d-d571-414d-b8b9-72e0c5056b69" />
      <TestMethod codeBase="D:\Repositories\softwareschmiede\4e13c673-2977-41e8-b0f7-a2ad19f7d7e3\src\Softwareschmiede.IntegrationTests\bin\Debug\net10.0\Softwareschmiede.IntegrationTests.dll" adapterTypeName="executor://xunit/VsTestRunner3/netcore/" className="Softwareschmiede.IntegrationTests.Services.ProjektServiceTests" name="GetAllAsync_ShouldReturnProjectsAlphabeticallySorted_WhenMultipleProjectsExist" />
    </UnitTest>
    <UnitTest name="Softwareschmiede.IntegrationTests.Services.ProjektServiceTests.UpdateAsync_ShouldPersistChanges_WhenProjektExists" storage="d:\repositories\softwareschmiede\4e13c673-2977-41e8-b0f7-a2ad19f7d7e3\src\softwareschmiede.integrationtests\bin\debug\net10.0\softwareschmiede.integrationtests.dll" id="25075a02-d1ca-9b96-fd71-b92db59c6ae8">
      <Execution id="2713ddd9-8069-40a8-a05d-e1bddc34209a" />
      <TestMethod codeBase="D:\Repositories\softwareschmiede\4e13c673-2977-41e8-b0f7-a2ad19f7d7e3\src\Softwareschmiede.IntegrationTests\bin\Debug\net10.0\Softwareschmiede.IntegrationTests.dll" adapterTypeName="executor://xunit/VsTestRunner3/netcore/" className="Softwareschmiede.IntegrationTests.Services.ProjektServiceTests" name="UpdateAsync_ShouldPersistChanges_WhenProjektExists" />
    </UnitTest>
  </TestDefinitions>
  <TestEntries>
    <TestEntry testId="1f92236e-253a-7de8-0f85-ec36b2dd4e56" executionId="61b1d765-639a-4eef-81e6-f912055da2fb" testListId="8c84fa94-04c1-424b-9868-57a2d4851a1d" />
    <TestEntry testId="f1823c0b-eb00-63c1-1b89-cd3e94673f6e" executionId="550ca44f-fc53-48ed-88a7-defc4b734427" testListId="8c84fa94-04c1-424b-9868-57a2d4851a1d" />
    <TestEntry testId="dec97c53-e18e-e85d-af15-cdb920dbcbc9" executionId="6b18e0cf-6b27-4db8-a699-015dd8991e3a" testListId="8c84fa94-04c1-424b-9868-57a2d4851a1d" />
    <TestEntry testId="c7b298ec-4479-8644-e7f6-76ac6ad0c794" executionId="1ed0f817-0cb5-4e13-9787-6721b6c565b7" testListId="8c84fa94-04c1-424b-9868-57a2d4851a1d" />
    <TestEntry testId="ec78a118-d0c7-9a87-b1cd-2a21e6329434" executionId="ba8384f6-b725-4b4c-a992-d759aeb6f602" testListId="8c84fa94-04c1-424b-9868-57a2d4851a1d" />
    <TestEntry testId="c6ea4e98-81ef-9663-0a87-656153178a8c" executionId="a310c9f0-4fae-4e0c-8f59-aca144959e39" testListId="8c84fa94-04c1-424b-9868-57a2d4851a1d" />
    <TestEntry testId="c218b9ed-b8de-af02-06c0-6ff01c3a8787" executionId="9fe2ddde-817a-41d8-90d4-e7efbc8fe7d3" testListId="8c84fa94-04c1-424b-9868-57a2d4851a1d" />
    <TestEntry testId="bc63f877-d2ba-f7d9-e444-881e99caa029" executionId="b0c8c86b-7329-4689-a660-1d4aaa4cce76" testListId="8c84fa94-04c1-424b-9868-57a2d4851a1d" />
    <TestEntry testId="52f5dcbb-8d21-48cd-cdc8-27c2ebf042cc" executionId="ebfabb98-c15e-464f-ab56-dc34d3924fbe" testListId="8c84fa94-04c1-424b-9868-57a2d4851a1d" />
    <TestEntry testId="2083470a-6c50-6b4b-e4a3-be024086c78c" executionId="2a51bb8b-7ed7-44c9-9318-95b0b687776e" testListId="8c84fa94-04c1-424b-9868-57a2d4851a1d" />
    <TestEntry testId="50749e6a-e470-c37e-dae8-b089de4e4b82" executionId="c4f5ca36-4347-4fdc-8896-104652a5ff48" testListId="8c84fa94-04c1-424b-9868-57a2d4851a1d" />
    <TestEntry testId="f136091b-35d2-7a92-c4fb-04c446d25a4d" executionId="df8364e6-739a-461a-a839-c174f9c07945" testListId="8c84fa94-04c1-424b-9868-57a2d4851a1d" />
    <TestEntry testId="6a862442-7f58-6e1a-9d29-bd7c351c93eb" executionId="4d830f73-b818-4bc3-8612-d660e0ad881b" testListId="8c84fa94-04c1-424b-9868-57a2d4851a1d" />
    <TestEntry testId="84220320-98ef-151d-37d3-ec9bd41a0784" executionId="68769bdc-50d8-45ab-a6cc-e6264dbb1f81" testListId="8c84fa94-04c1-424b-9868-57a2d4851a1d" />
    <TestEntry testId="0b49b9f1-c454-bdec-4652-1fbaee529f96" executionId="59b2b4b6-3ef7-486d-b8a0-932d4a489b5b" testListId="8c84fa94-04c1-424b-9868-57a2d4851a1d" />
    <TestEntry testId="2209adb7-585d-a651-ef4c-87985452e6c2" executionId="a57e7486-19ea-46e2-9839-60a7b97de2a6" testListId="8c84fa94-04c1-424b-9868-57a2d4851a1d" />
    <TestEntry testId="804b1eba-a46b-f854-6761-4061ce2c24ea" executionId="cf8e0cb6-df6e-486c-bdf9-4460d3e61342" testListId="8c84fa94-04c1-424b-9868-57a2d4851a1d" />
    <TestEntry testId="03abbbdf-05ee-6388-b98f-f7e7ca7828b0" executionId="897a1dff-0b4c-4b0d-bc56-4292f4c94856" testListId="8c84fa94-04c1-424b-9868-57a2d4851a1d" />
    <TestEntry testId="b28e8765-ef5e-7a27-be3d-2978a7978cb1" executionId="98decafb-e7fe-402b-86cc-02294c583a22" testListId="8c84fa94-04c1-424b-9868-57a2d4851a1d" />
    <TestEntry testId="c4c371e6-8031-0987-ab47-b52a22eebc16" executionId="945b98ec-ff4f-45a8-8c7a-e9c20d3d84ca" testListId="8c84fa94-04c1-424b-9868-57a2d4851a1d" />
    <TestEntry testId="16497e1c-6266-199d-c85f-7b1632807bbd" executionId="56f14171-f7c5-4ba3-9b70-f70ea81afbbd" testListId="8c84fa94-04c1-424b-9868-57a2d4851a1d" />
    <TestEntry testId="31f397e5-dbbc-953a-5d10-8b92b8f9eccb" executionId="f179319b-3770-4c17-a1b9-b8b67f124780" testListId="8c84fa94-04c1-424b-9868-57a2d4851a1d" />
    <TestEntry testId="e688c447-38aa-711e-381e-89e4e6337258" executionId="d15f96ad-d81c-4208-b34d-11d21267e864" testListId="8c84fa94-04c1-424b-9868-57a2d4851a1d" />
    <TestEntry testId="ef68fc87-1f8f-8060-93bc-8333ae7f294f" executionId="5e201c44-9068-40b0-8815-0e3756be603e" testListId="8c84fa94-04c1-424b-9868-57a2d4851a1d" />
    <TestEntry testId="ddff4f71-6682-a704-4688-67540c38f298" executionId="91a59f0d-a483-47cc-a2fc-e4b153ee3f36" testListId="8c84fa94-04c1-424b-9868-57a2d4851a1d" />
    <TestEntry testId="9ff0284d-379a-cd4f-377b-105a410db527" executionId="5a0758df-5494-49f9-9bdf-9618f1fb224a" testListId="8c84fa94-04c1-424b-9868-57a2d4851a1d" />
    <TestEntry testId="8cb234f6-bdd3-e249-5ac8-d230f339dad3" executionId="ded55e3e-92e2-4176-9e11-9839e9854b50" testListId="8c84fa94-04c1-424b-9868-57a2d4851a1d" />
    <TestEntry testId="1fd7be43-85f2-5e2b-9d7a-c9663c3e9db8" executionId="246a6168-3b29-48f6-958d-9a21e6de4d4b" testListId="8c84fa94-04c1-424b-9868-57a2d4851a1d" />
    <TestEntry testId="8294e076-abcd-26ec-408c-d001470f1634" executionId="965e7447-d3ef-4ef9-91d2-d0c11407ae3a" testListId="8c84fa94-04c1-424b-9868-57a2d4851a1d" />
    <TestEntry testId="25075a02-d1ca-9b96-fd71-b92db59c6ae8" executionId="2713ddd9-8069-40a8-a05d-e1bddc34209a" testListId="8c84fa94-04c1-424b-9868-57a2d4851a1d" />
    <TestEntry testId="429a3ab4-6030-5910-be6f-75c190241ae1" executionId="371694a9-57ea-4168-9a9a-4bc1ddce25ec" testListId="8c84fa94-04c1-424b-9868-57a2d4851a1d" />
    <TestEntry testId="08c9b0f5-7a59-89df-1550-6594a9d06aa2" executionId="3711ce6c-9f93-417d-b7ee-ee43189db9a6" testListId="8c84fa94-04c1-424b-9868-57a2d4851a1d" />
    <TestEntry testId="61c4f109-e1a2-7743-0a67-7f76d5168520" executionId="0d3e521c-e1bc-41fe-925e-34b367cc1db2" testListId="8c84fa94-04c1-424b-9868-57a2d4851a1d" />
    <TestEntry testId="0ad75727-4697-9603-df23-394c37c70f0c" executionId="e9589525-54e2-4f83-8cae-ee89bf899d8e" testListId="8c84fa94-04c1-424b-9868-57a2d4851a1d" />
    <TestEntry testId="db97619e-2c53-4e98-23ac-f1bd483b7996" executionId="5f219b2f-a70c-4ab3-9ec3-ea6682a3e460" testListId="8c84fa94-04c1-424b-9868-57a2d4851a1d" />
    <TestEntry testId="331d8076-e1c8-59e6-551d-d78882d53482" executionId="854c23c2-648e-4cce-8b79-35f3a9fb234e" testListId="8c84fa94-04c1-424b-9868-57a2d4851a1d" />
    <TestEntry testId="7976c4ca-8abf-87e7-3628-98d202d84f74" executionId="676d948f-fca0-4cb9-b068-c48d5e11c5d4" testListId="8c84fa94-04c1-424b-9868-57a2d4851a1d" />
    <TestEntry testId="995fb120-5095-86a0-650f-f368a59f14b5" executionId="950dd95d-ca93-45e7-bbcf-008a8e54798c" testListId="8c84fa94-04c1-424b-9868-57a2d4851a1d" />
    <TestEntry testId="a11920c2-2322-b635-025c-b6a9c7107d79" executionId="a4fde0a2-7e11-471a-877e-1a2a765ed0fa" testListId="8c84fa94-04c1-424b-9868-57a2d4851a1d" />
    <TestEntry testId="7f864e6e-0702-86b5-59fe-0d5d71b93569" executionId="8a909d0a-6cba-48ef-820a-8246abe496f0" testListId="8c84fa94-04c1-424b-9868-57a2d4851a1d" />
    <TestEntry testId="7e22b1e7-c6af-6894-7978-19998af2705b" executionId="c4d8eae9-421f-4bd7-966d-c6f68868283e" testListId="8c84fa94-04c1-424b-9868-57a2d4851a1d" />
    <TestEntry testId="05ddcfa9-b134-a15b-52d7-fe1d1e3f2a2e" executionId="8f173bb1-bad3-4552-b359-01fbcb62c8a7" testListId="8c84fa94-04c1-424b-9868-57a2d4851a1d" />
    <TestEntry testId="02ee06f3-1768-4567-c797-da4b0c5bda73" executionId="9b81c636-fec0-4779-b07c-b4b2bb9a105d" testListId="8c84fa94-04c1-424b-9868-57a2d4851a1d" />
    <TestEntry testId="bd98ae2c-e801-396e-6127-76d041ece1fe" executionId="705a9a39-2c64-4723-aa33-77dd39fdb9ea" testListId="8c84fa94-04c1-424b-9868-57a2d4851a1d" />
    <TestEntry testId="5fd48e8a-024d-0e6e-e7c0-0d1682807200" executionId="dfb41999-2159-472b-af22-cf85edc98bba" testListId="8c84fa94-04c1-424b-9868-57a2d4851a1d" />
    <TestEntry testId="01922558-f772-f17e-5f0f-2b714469162a" executionId="5582b08d-0455-456c-ab6c-ad2ecc779121" testListId="8c84fa94-04c1-424b-9868-57a2d4851a1d" />
    <TestEntry testId="3d6cfba0-a63a-8b2f-e381-fe3b12a42990" executionId="30836a25-0506-4260-9a33-570394ebad14" testListId="8c84fa94-04c1-424b-9868-57a2d4851a1d" />
    <TestEntry testId="54b0dd90-0ad7-3d0c-7bb4-c6260afe8927" executionId="c2bf1089-beb8-4834-aefa-cfabb35205f7" testListId="8c84fa94-04c1-424b-9868-57a2d4851a1d" />
    <TestEntry testId="345da8ae-5623-141e-b453-ce6423a968af" executionId="f677745e-ad16-4cbd-a404-23288d42ff69" testListId="8c84fa94-04c1-424b-9868-57a2d4851a1d" />
    <TestEntry testId="38540168-74be-9713-d0a0-971d3530f9dc" executionId="e0197c6d-d571-414d-b8b9-72e0c5056b69" testListId="8c84fa94-04c1-424b-9868-57a2d4851a1d" />
    <TestEntry testId="9b17e3b0-f9a2-9cf0-df84-eab55499c5aa" executionId="3f77a4a2-ad6a-4c4f-b8e4-07895f2b6720" testListId="8c84fa94-04c1-424b-9868-57a2d4851a1d" />
    <TestEntry testId="90e34861-4c57-932c-e161-ee0602d219a7" executionId="7308c439-57fa-401f-bb15-209b6ecccb89" testListId="8c84fa94-04c1-424b-9868-57a2d4851a1d" />
    <TestEntry testId="513b1769-3207-2ced-46e7-e28cae7e4bc2" executionId="39b2f6a3-2485-4f77-9c73-05cfb6bfd1ec" testListId="8c84fa94-04c1-424b-9868-57a2d4851a1d" />
    <TestEntry testId="f52e86ba-e7db-604f-6152-87053bf9563d" executionId="3abd4169-19e7-413e-a183-76e48fafa27e" testListId="8c84fa94-04c1-424b-9868-57a2d4851a1d" />
    <TestEntry testId="db631432-496e-84af-a8f1-f8e8f143f2bc" executionId="ddd259c7-b487-492e-93fa-5250c6716c0d" testListId="8c84fa94-04c1-424b-9868-57a2d4851a1d" />
    <TestEntry testId="6a169e93-a09a-71c6-21af-79aca354dd0f" executionId="f3c4cb68-37d7-40fe-a488-005d1fb6374b" testListId="8c84fa94-04c1-424b-9868-57a2d4851a1d" />
    <TestEntry testId="62996623-2d38-2ed5-2104-3cd0c2705a64" executionId="e84434cc-d06b-4475-8a91-45404872c0b1" testListId="8c84fa94-04c1-424b-9868-57a2d4851a1d" />
    <TestEntry testId="ba71ac1d-fe18-877a-1ce9-b80cde199e6c" executionId="720d152c-a6d7-43f7-b1d1-22b1699dcff4" testListId="8c84fa94-04c1-424b-9868-57a2d4851a1d" />
    <TestEntry testId="da255311-a16b-68f8-5893-cbe107974786" executionId="a549a1e7-71b2-4f58-9e9c-f8f87a7709ca" testListId="8c84fa94-04c1-424b-9868-57a2d4851a1d" />
    <TestEntry testId="7239330b-9b85-369d-e955-42a248a4a750" executionId="9c19063b-35d5-4364-a435-682e0780fd85" testListId="8c84fa94-04c1-424b-9868-57a2d4851a1d" />
    <TestEntry testId="82da44e0-d740-c8dc-b7a0-993d3f67432c" executionId="d8563486-e2e7-41b8-80db-1991ed1d5b3c" testListId="8c84fa94-04c1-424b-9868-57a2d4851a1d" />
    <TestEntry testId="113a5064-e964-3d48-f26f-6cafbe4f9e48" executionId="ebb5884a-9e70-4885-a5fb-73018ff33247" testListId="8c84fa94-04c1-424b-9868-57a2d4851a1d" />
    <TestEntry testId="9898a0b7-1e66-98c7-5ea5-c83e2a9b6d41" executionId="47cf0f54-ab3c-4e71-8358-32f39a6d888b" testListId="8c84fa94-04c1-424b-9868-57a2d4851a1d" />
    <TestEntry testId="36fe70e3-d30c-56bf-0247-b44753437a17" executionId="baaa0f2f-0e6d-4dc4-bc2c-e9a69230ed9b" testListId="8c84fa94-04c1-424b-9868-57a2d4851a1d" />
    <TestEntry testId="a29a1cca-3bee-1907-d1bb-dfe0dcf3e5b3" executionId="11f311ec-515d-46d6-bec9-3f08f2dcfa32" testListId="8c84fa94-04c1-424b-9868-57a2d4851a1d" />
    <TestEntry testId="4eb3c21f-ab59-7711-c3c9-bddee9a42d35" executionId="b15a0d7f-6233-40de-a609-09ea3ac69be1" testListId="8c84fa94-04c1-424b-9868-57a2d4851a1d" />
    <TestEntry testId="5a27abc9-1460-8ef6-3bd2-ed0e9adf1b29" executionId="2317dfb6-1289-4185-96ef-0b5354feedf6" testListId="8c84fa94-04c1-424b-9868-57a2d4851a1d" />
    <TestEntry testId="3d9a4d7d-ae58-ebc1-c3af-60adc3d3c583" executionId="e2962e87-0892-4dab-ada5-7539d1ae176a" testListId="8c84fa94-04c1-424b-9868-57a2d4851a1d" />
    <TestEntry testId="46eda936-2111-f8ea-5b0e-ca0487bbda6c" executionId="0a5c75b7-0325-4e4f-98fe-b6f70cf3b756" testListId="8c84fa94-04c1-424b-9868-57a2d4851a1d" />
  </TestEntries>
  <TestLists>
    <TestList name="Ergebnisse nicht in einer Liste" id="8c84fa94-04c1-424b-9868-57a2d4851a1d" />
    <TestList name="Alle geladenen Ergebnisse" id="19431567-8539-422a-85d7-44ee4e166bda" />
  </TestLists>
  <ResultSummary outcome="Completed">
    <Counters total="69" executed="69" passed="69" failed="0" error="0" timeout="0" aborted="0" inconclusive="0" passedButRunAborted="0" notRunnable="0" notExecuted="0" disconnected="0" warning="0" completed="0" inProgress="0" pending="0" />
    <Output>
      <StdOut>[xUnit.net 00:00:00.00] xUnit.net VSTest Adapter v3.1.5+1b188a7b0a (64-bit .NET 10.0.12)&#xD;
[xUnit.net 00:00:00.47]   Discovering: Softwareschmiede.IntegrationTests&#xD;
[xUnit.net 00:00:00.52]   Discovered:  Softwareschmiede.IntegrationTests&#xD;
[xUnit.net 00:00:00.54]   Starting:    Softwareschmiede.IntegrationTests&#xD;
     Warning:&#xD;
     The component "Fluent Assertions" is governed by the rules defined in the Xceed License Agreement and&#xD;
     the Xceed Fluent Assertions Community License. You may use Fluent Assertions free of charge for&#xD;
     non-commercial use only. An active subscription is required to use Fluent Assertions for commercial use.&#xD;
     Please contact Xceed Sales mailto:sales@xceed.com to acquire a subscription at a very low cost.&#xD;
     A paid commercial license supports the development and continued increasing support of&#xD;
     Fluent Assertions users under both commercial and community licenses. Help us&#xD;
     keep Fluent Assertions at the forefront of unit testing.&#xD;
     For more information, visit https://xceed.com/products/unit-testing/fluent-assertions/&#xD;
[xUnit.net 00:00:10.22]   Finished:    Softwareschmiede.IntegrationTests&#xD;
</StdOut>
    </Output>
  </ResultSummary>
</TestRun>