<?xml version="1.0" encoding="utf-8"?>
<TestRun id="4ce8ea26-d3f5-40d7-806c-100ab35c8534" name="Martin@DESKTOP-CM8OBSG 2026-09-16 10:22:41" runUser="DESKTOP-CM8OBSG\Martin" xmlns="http://microsoft.com/schemas/VisualStudio/TeamTest/2010">
  <Times creation="2026-09-16T10:22:41.9573311+02:00" queuing="2026-09-16T10:22:41.9573313+02:00" start="2026-09-16T10:22:40.1717622+02:00" finish="2026-09-16T10:22:43.9004648+02:00" />
  <TestSettings name="default" id="cbec2f42-58a1-404f-8264-0b4c2628616a">
    <Deployment runDeploymentRoot="Martin_DESKTOP-CM8OBSG_2026-09-16_10_22_41" />
  </TestSettings>
  <Results>
    <UnitTestResult executionId="161af1d9-45da-4d08-bb1d-c195fbf154c3" testId="5b9fc206-ab96-2935-9758-561dbff53a94" testName="Softwareschmiede.IntegrationTests.Scripts.StartPs1IntegrationTests.StartScript_ShouldUseProjectProfile_WhenHttpProfileIsInvalidButProjectProfileExists" computerName="DESKTOP-CM8OBSG" duration="00:00:00.3584000" startTime="2026-09-16T10:22:42.9063162+02:00" endTime="2026-09-16T10:22:43.2648463+02:00" testType="13cdc9d9-ddb5-4fa4-a97d-d965ccfc6d4b" outcome="Passed" testListId="8c84fa94-04c1-424b-9868-57a2d4851a1d" relativeResultsDirectory="161af1d9-45da-4d08-bb1d-c195fbf154c3" />
    <UnitTestResult executionId="67972339-d6c5-469d-990e-d6a946ce4ae3" testId="ccdada5f-5481-69c3-c522-d33d2b3ed1b1" testName="Softwareschmiede.IntegrationTests.Scripts.StartPs1IntegrationTests.StartScript_ShouldDiscoverAndUpdateMultipleProjects_WhenRunWithoutParameters" computerName="DESKTOP-CM8OBSG" duration="00:00:00.5335891" startTime="2026-09-16T10:22:40.5743735+02:00" endTime="2026-09-16T10:22:41.1141608+02:00" testType="13cdc9d9-ddb5-4fa4-a97d-d965ccfc6d4b" outcome="Passed" testListId="8c84fa94-04c1-424b-9868-57a2d4851a1d" relativeResultsDirectory="67972339-d6c5-469d-990e-d6a946ce4ae3" />
    <UnitTestResult executionId="7d2039e1-6df6-484a-badf-a3a0d81cdf33" testId="76c0c193-b8fe-b0df-4492-97db2db24c61" testName="Softwareschmiede.IntegrationTests.Scripts.StartPs1IntegrationTests.StartScript_ShouldWriteCorrelatableDiagnostics_WhenProcessingProjects" computerName="DESKTOP-CM8OBSG" duration="00:00:00.3644816" startTime="2026-09-16T10:22:42.5414807+02:00" endTime="2026-09-16T10:22:42.9061701+02:00" testType="13cdc9d9-ddb5-4fa4-a97d-d965ccfc6d4b" outcome="Passed" testListId="8c84fa94-04c1-424b-9868-57a2d4851a1d" relativeResultsDirectory="7d2039e1-6df6-484a-badf-a3a0d81cdf33" />
    <UnitTestResult executionId="02b1afff-0455-4a8a-8fe8-3f0f06e0e4d3" testId="b7d7f866-161e-bedf-dea1-9477495945cb" testName="Softwareschmiede.IntegrationTests.Scripts.StartPs1IntegrationTests.StartScript_ShouldAggregateExitCodePriority_WhenProjectsHaveMixedResults" computerName="DESKTOP-CM8OBSG" duration="00:00:00.3827149" startTime="2026-09-16T10:22:41.4186867+02:00" endTime="2026-09-16T10:22:41.8011174+02:00" testType="13cdc9d9-ddb5-4fa4-a97d-d965ccfc6d4b" outcome="Passed" testListId="8c84fa94-04c1-424b-9868-57a2d4851a1d" relativeResultsDirectory="02b1afff-0455-4a8a-8fe8-3f0f06e0e4d3" />
    <UnitTestResult executionId="853471db-03a8-468f-bdb0-c5c2a5432e75" testId="fc0eb365-1449-0c20-8c27-8625f096c373" testName="Softwareschmiede.IntegrationTests.Scripts.StartPs1IntegrationTests.StartScript_ShouldFailWithExit10_WhenNoTargetLaunchSettingsExists" computerName="DESKTOP-CM8OBSG" duration="00:00:00.2409901" startTime="2026-09-16T10:22:43.6170588+02:00" endTime="2026-09-16T10:22:43.8581879+02:00" testType="13cdc9d9-ddb5-4fa4-a97d-d965ccfc6d4b" outcome="Passed" testListId="8c84fa94-04c1-424b-9868-57a2d4851a1d" relativeResultsDirectory="853471db-03a8-468f-bdb0-c5c2a5432e75" />
    <UnitTestResult executionId="83d5adea-ad03-4e23-81c2-6a406709b4ad" testId="b7df1e7d-a2a9-89ad-a173-d8807693096b" testName="Softwareschmiede.IntegrationTests.Scripts.StartPs1IntegrationTests.StartScript_ShouldUseProjectProfile_WhenHttpProfileIsMissing" computerName="DESKTOP-CM8OBSG" duration="00:00:00.3517773" startTime="2026-09-16T10:22:43.2650352+02:00" endTime="2026-09-16T10:22:43.6169182+02:00" testType="13cdc9d9-ddb5-4fa4-a97d-d965ccfc6d4b" outcome="Passed" testListId="8c84fa94-04c1-424b-9868-57a2d4851a1d" relativeResultsDirectory="83d5adea-ad03-4e23-81c2-6a406709b4ad" />
    <UnitTestResult executionId="69c1eb15-2f7c-471a-93b7-383a911e1501" testId="318a6a46-2c2c-3ebf-d692-2560f91c3826" testName="Softwareschmiede.IntegrationTests.Scripts.StartPs1IntegrationTests.StartScript_ShouldFailWithExit11_WhenLaunchSettingsContainsInvalidJson" computerName="DESKTOP-CM8OBSG" duration="00:00:00.3024988" startTime="2026-09-16T10:22:41.1207936+02:00" endTime="2026-09-16T10:22:41.4181535+02:00" testType="13cdc9d9-ddb5-4fa4-a97d-d965ccfc6d4b" outcome="Passed" testListId="8c84fa94-04c1-424b-9868-57a2d4851a1d" relativeResultsDirectory="69c1eb15-2f7c-471a-93b7-383a911e1501" />
    <UnitTestResult executionId="66b43b11-2e94-4f38-a6e4-d1187bfd2bf7" testId="ca2fc618-aa29-dc38-bdc6-9f3e57d0ea34" testName="Softwareschmiede.IntegrationTests.Scripts.StartPs1IntegrationTests.StartScript_ShouldReturnExit11_PerTarget_WhenHttpProfileIsNotObject" computerName="DESKTOP-CM8OBSG" duration="00:00:00.3823548" startTime="2026-09-16T10:22:42.1588891+02:00" endTime="2026-09-16T10:22:42.5413085+02:00" testType="13cdc9d9-ddb5-4fa4-a97d-d965ccfc6d4b" outcome="Passed" testListId="8c84fa94-04c1-424b-9868-57a2d4851a1d" relativeResultsDirectory="66b43b11-2e94-4f38-a6e4-d1187bfd2bf7" />
    <UnitTestResult executionId="70ff6a2f-5225-470d-b02b-b6f3028f6066" testId="5d57aa13-8d27-2498-fd55-f6c9bfd21985" testName="Softwareschmiede.IntegrationTests.Scripts.StartPs1IntegrationTests.StartScript_ShouldFailWithExit13AndCleanupTempFile_WhenLaunchSettingsWriteFails" computerName="DESKTOP-CM8OBSG" duration="00:00:00.3572161" startTime="2026-09-16T10:22:41.8012940+02:00" endTime="2026-09-16T10:22:42.1586189+02:00" testType="13cdc9d9-ddb5-4fa4-a97d-d965ccfc6d4b" outcome="Passed" testListId="8c84fa94-04c1-424b-9868-57a2d4851a1d" relativeResultsDirectory="70ff6a2f-5225-470d-b02b-b6f3028f6066" />
  </Results>
  <TestDefinitions>
    <UnitTest name="Softwareschmiede.IntegrationTests.Scripts.StartPs1IntegrationTests.StartScript_ShouldUseProjectProfile_WhenHttpProfileIsInvalidButProjectProfileExists" storage="d:\repositories\softwareschmiede\4e13c673-2977-41e8-b0f7-a2ad19f7d7e3\src\softwareschmiede.integrationtests\bin\debug\net10.0\softwareschmiede.integrationtests.dll" id="5b9fc206-ab96-2935-9758-561dbff53a94">
      <Execution id="161af1d9-45da-4d08-bb1d-c195fbf154c3" />
      <TestMethod codeBase="D:\Repositories\softwareschmiede\4e13c673-2977-41e8-b0f7-a2ad19f7d7e3\src\Softwareschmiede.IntegrationTests\bin\Debug\net10.0\Softwareschmiede.IntegrationTests.dll" adapterTypeName="executor://xunit/VsTestRunner3/netcore/" className="Softwareschmiede.IntegrationTests.Scripts.StartPs1IntegrationTests" name="StartScript_ShouldUseProjectProfile_WhenHttpProfileIsInvalidButProjectProfileExists" />
    </UnitTest>
    <UnitTest name="Softwareschmiede.IntegrationTests.Scripts.StartPs1IntegrationTests.StartScript_ShouldWriteCorrelatableDiagnostics_WhenProcessingProjects" storage="d:\repositories\softwareschmiede\4e13c673-2977-41e8-b0f7-a2ad19f7d7e3\src\softwareschmiede.integrationtests\bin\debug\net10.0\softwareschmiede.integrationtests.dll" id="76c0c193-b8fe-b0df-4492-97db2db24c61">
      <Execution id="7d2039e1-6df6-484a-badf-a3a0d81cdf33" />
      <TestMethod codeBase="D:\Repositories\softwareschmiede\4e13c673-2977-41e8-b0f7-a2ad19f7d7e3\src\Softwareschmiede.IntegrationTests\bin\Debug\net10.0\Softwareschmiede.IntegrationTests.dll" adapterTypeName="executor://xunit/VsTestRunner3/netcore/" className="Softwareschmiede.IntegrationTests.Scripts.StartPs1IntegrationTests" name="StartScript_ShouldWriteCorrelatableDiagnostics_WhenProcessingProjects" />
    </UnitTest>
    <UnitTest name="Softwareschmiede.IntegrationTests.Scripts.StartPs1IntegrationTests.StartScript_ShouldFailWithExit11_WhenLaunchSettingsContainsInvalidJson" storage="d:\repositories\softwareschmiede\4e13c673-2977-41e8-b0f7-a2ad19f7d7e3\src\softwareschmiede.integrationtests\bin\debug\net10.0\softwareschmiede.integrationtests.dll" id="318a6a46-2c2c-3ebf-d692-2560f91c3826">
      <Execution id="69c1eb15-2f7c-471a-93b7-383a911e1501" />
      <TestMethod codeBase="D:\Repositories\softwareschmiede\4e13c673-2977-41e8-b0f7-a2ad19f7d7e3\src\Softwareschmiede.IntegrationTests\bin\Debug\net10.0\Softwareschmiede.IntegrationTests.dll" adapterTypeName="executor://xunit/VsTestRunner3/netcore/" className="Softwareschmiede.IntegrationTests.Scripts.StartPs1IntegrationTests" name="StartScript_ShouldFailWithExit11_WhenLaunchSettingsContainsInvalidJson" />
    </UnitTest>
    <UnitTest name="Softwareschmiede.IntegrationTests.Scripts.StartPs1IntegrationTests.StartScript_ShouldDiscoverAndUpdateMultipleProjects_WhenRunWithoutParameters" storage="d:\repositories\softwareschmiede\4e13c673-2977-41e8-b0f7-a2ad19f7d7e3\src\softwareschmiede.integrationtests\bin\debug\net10.0\softwareschmiede.integrationtests.dll" id="ccdada5f-5481-69c3-c522-d33d2b3ed1b1">
      <Execution id="67972339-d6c5-469d-990e-d6a946ce4ae3" />
      <TestMethod codeBase="D:\Repositories\softwareschmiede\4e13c673-2977-41e8-b0f7-a2ad19f7d7e3\src\Softwareschmiede.IntegrationTests\bin\Debug\net10.0\Softwareschmiede.IntegrationTests.dll" adapterTypeName="executor://xunit/VsTestRunner3/netcore/" className="Softwareschmiede.IntegrationTests.Scripts.StartPs1IntegrationTests" name="StartScript_ShouldDiscoverAndUpdateMultipleProjects_WhenRunWithoutParameters" />
    </UnitTest>
    <UnitTest name="Softwareschmiede.IntegrationTests.Scripts.StartPs1IntegrationTests.StartScript_ShouldFailWithExit10_WhenNoTargetLaunchSettingsExists" storage="d:\repositories\softwareschmiede\4e13c673-2977-41e8-b0f7-a2ad19f7d7e3\src\softwareschmiede.integrationtests\bin\debug\net10.0\softwareschmiede.integrationtests.dll" id="fc0eb365-1449-0c20-8c27-8625f096c373">
      <Execution id="853471db-03a8-468f-bdb0-c5c2a5432e75" />
      <TestMethod codeBase="D:\Repositories\softwareschmiede\4e13c673-2977-41e8-b0f7-a2ad19f7d7e3\src\Softwareschmiede.IntegrationTests\bin\Debug\net10.0\Softwareschmiede.IntegrationTests.dll" adapterTypeName="executor://xunit/VsTestRunner3/netcore/" className="Softwareschmiede.IntegrationTests.Scripts.StartPs1IntegrationTests" name="StartScript_ShouldFailWithExit10_WhenNoTargetLaunchSettingsExists" />
    </UnitTest>
    <UnitTest name="Softwareschmiede.IntegrationTests.Scripts.StartPs1IntegrationTests.StartScript_ShouldFailWithExit13AndCleanupTempFile_WhenLaunchSettingsWriteFails" storage="d:\repositories\softwareschmiede\4e13c673-2977-41e8-b0f7-a2ad19f7d7e3\src\softwareschmiede.integrationtests\bin\debug\net10.0\softwareschmiede.integrationtests.dll" id="5d57aa13-8d27-2498-fd55-f6c9bfd21985">
      <Execution id="70ff6a2f-5225-470d-b02b-b6f3028f6066" />
      <TestMethod codeBase="D:\Repositories\softwareschmiede\4e13c673-2977-41e8-b0f7-a2ad19f7d7e3\src\Softwareschmiede.IntegrationTests\bin\Debug\net10.0\Softwareschmiede.IntegrationTests.dll" adapterTypeName="executor://xunit/VsTestRunner3/netcore/" className="Softwareschmiede.IntegrationTests.Scripts.StartPs1IntegrationTests" name="StartScript_ShouldFailWithExit13AndCleanupTempFile_WhenLaunchSettingsWriteFails" />
    </UnitTest>
    <UnitTest name="Softwareschmiede.IntegrationTests.Scripts.StartPs1IntegrationTests.StartScript_ShouldAggregateExitCodePriority_WhenProjectsHaveMixedResults" storage="d:\repositories\softwareschmiede\4e13c673-2977-41e8-b0f7-a2ad19f7d7e3\src\softwareschmiede.integrationtests\bin\debug\net10.0\softwareschmiede.integrationtests.dll" id="b7d7f866-161e-bedf-dea1-9477495945cb">
      <Execution id="02b1afff-0455-4a8a-8fe8-3f0f06e0e4d3" />
      <TestMethod codeBase="D:\Repositories\softwareschmiede\4e13c673-2977-41e8-b0f7-a2ad19f7d7e3\src\Softwareschmiede.IntegrationTests\bin\Debug\net10.0\Softwareschmiede.IntegrationTests.dll" adapterTypeName="executor://xunit/VsTestRunner3/netcore/" className="Softwareschmiede.IntegrationTests.Scripts.StartPs1IntegrationTests" name="StartScript_ShouldAggregateExitCodePriority_WhenProjectsHaveMixedResults" />
    </UnitTest>
    <UnitTest name="Softwareschmiede.IntegrationTests.Scripts.StartPs1IntegrationTests.StartScript_ShouldReturnExit11_PerTarget_WhenHttpProfileIsNotObject" storage="d:\repositories\softwareschmiede\4e13c673-2977-41e8-b0f7-a2ad19f7d7e3\src\softwareschmiede.integrationtests\bin\debug\net10.0\softwareschmiede.integrationtests.dll" id="ca2fc618-aa29-dc38-bdc6-9f3e57d0ea34">
      <Execution id="66b43b11-2e94-4f38-a6e4-d1187bfd2bf7" />
      <TestMethod codeBase="D:\Repositories\softwareschmiede\4e13c673-2977-41e8-b0f7-a2ad19f7d7e3\src\Softwareschmiede.IntegrationTests\bin\Debug\net10.0\Softwareschmiede.IntegrationTests.dll" adapterTypeName="executor://xunit/VsTestRunner3/netcore/" className="Softwareschmiede.IntegrationTests.Scripts.StartPs1IntegrationTests" name="StartScript_ShouldReturnExit11_PerTarget_WhenHttpProfileIsNotObject" />
    </UnitTest>
    <UnitTest name="Softwareschmiede.IntegrationTests.Scripts.StartPs1IntegrationTests.StartScript_ShouldUseProjectProfile_WhenHttpProfileIsMissing" storage="d:\repositories\softwareschmiede\4e13c673-2977-41e8-b0f7-a2ad19f7d7e3\src\softwareschmiede.integrationtests\bin\debug\net10.0\softwareschmiede.integrationtests.dll" id="b7df1e7d-a2a9-89ad-a173-d8807693096b">
      <Execution id="83d5adea-ad03-4e23-81c2-6a406709b4ad" />
      <TestMethod codeBase="D:\Repositories\softwareschmiede\4e13c673-2977-41e8-b0f7-a2ad19f7d7e3\src\Softwareschmiede.IntegrationTests\bin\Debug\net10.0\Softwareschmiede.IntegrationTests.dll" adapterTypeName="executor://xunit/VsTestRunner3/netcore/" className="Softwareschmiede.IntegrationTests.Scripts.StartPs1IntegrationTests" name="StartScript_ShouldUseProjectProfile_WhenHttpProfileIsMissing" />
    </UnitTest>
  </TestDefinitions>
  <TestEntries>
    <TestEntry testId="5b9fc206-ab96-2935-9758-561dbff53a94" executionId="161af1d9-45da-4d08-bb1d-c195fbf154c3" testListId="8c84fa94-04c1-424b-9868-57a2d4851a1d" />
    <TestEntry testId="ccdada5f-5481-69c3-c522-d33d2b3ed1b1" executionId="67972339-d6c5-469d-990e-d6a946ce4ae3" testListId="8c84fa94-04c1-424b-9868-57a2d4851a1d" />
    <TestEntry testId="76c0c193-b8fe-b0df-4492-97db2db24c61" executionId="7d2039e1-6df6-484a-badf-a3a0d81cdf33" testListId="8c84fa94-04c1-424b-9868-57a2d4851a1d" />
    <TestEntry testId="b7d7f866-161e-bedf-dea1-9477495945cb" executionId="02b1afff-0455-4a8a-8fe8-3f0f06e0e4d3" testListId="8c84fa94-04c1-424b-9868-57a2d4851a1d" />
    <TestEntry testId="fc0eb365-1449-0c20-8c27-8625f096c373" executionId="853471db-03a8-468f-bdb0-c5c2a5432e75" testListId="8c84fa94-04c1-424b-9868-57a2d4851a1d" />
    <TestEntry testId="b7df1e7d-a2a9-89ad-a173-d8807693096b" executionId="83d5adea-ad03-4e23-81c2-6a406709b4ad" testListId="8c84fa94-04c1-424b-9868-57a2d4851a1d" />
    <TestEntry testId="318a6a46-2c2c-3ebf-d692-2560f91c3826" executionId="69c1eb15-2f7c-471a-93b7-383a911e1501" testListId="8c84fa94-04c1-424b-9868-57a2d4851a1d" />
    <TestEntry testId="ca2fc618-aa29-dc38-bdc6-9f3e57d0ea34" executionId="66b43b11-2e94-4f38-a6e4-d1187bfd2bf7" testListId="8c84fa94-04c1-424b-9868-57a2d4851a1d" />
    <TestEntry testId="5d57aa13-8d27-2498-fd55-f6c9bfd21985" executionId="70ff6a2f-5225-470d-b02b-b6f3028f6066" testListId="8c84fa94-04c1-424b-9868-57a2d4851a1d" />
  </TestEntries>
  <TestLists>
    <TestList name="Ergebnisse nicht in einer Liste" id="8c84fa94-04c1-424b-9868-57a2d4851a1d" />
    <TestList name="Alle geladenen Ergebnisse" id="19431567-8539-422a-85d7-44ee4e166bda" />
  </TestLists>
  <ResultSummary outcome="Completed">
    <Counters total="9" executed="9" passed="9" failed="0" error="0" timeout="0" aborted="0" inconclusive="0" passedButRunAborted="0" notRunnable="0" notExecuted="0" disconnected="0" warning="0" completed="0" inProgress="0" pending="0" />
    <Output>
      <StdOut>[xUnit.net 00:00:00.00] xUnit.net VSTest Adapter v3.1.5+1b188a7b0a (64-bit .NET 10.0.12)&#xD;
[xUnit.net 00:00:00.05]   Discovering: Softwareschmiede.IntegrationTests&#xD;
[xUnit.net 00:00:00.09]   Discovered:  Softwareschmiede.IntegrationTests&#xD;
[xUnit.net 00:00:00.11]   Starting:    Softwareschmiede.IntegrationTests&#xD;
     Warning:&#xD;
     The component "Fluent Assertions" is governed by the rules defined in the Xceed License Agreement and&#xD;
     the Xceed Fluent Assertions Community License. You may use Fluent Assertions free of charge for&#xD;
     non-commercial use only. An active subscription is required to use Fluent Assertions for commercial use.&#xD;
     Please contact Xceed Sales mailto:sales@xceed.com to acquire a subscription at a very low cost.&#xD;
     A paid commercial license supports the development and continued increasing support of&#xD;
     Fluent Assertions users under both commercial and community licenses. Help us&#xD;
     keep Fluent Assertions at the forefront of unit testing.&#xD;
     For more information, visit https://xceed.com/products/unit-testing/fluent-assertions/&#xD;
[xUnit.net 00:00:03.41]   Finished:    Softwareschmiede.IntegrationTests&#xD;
</StdOut>
    </Output>
  </ResultSummary>
</TestRun>